<?xml version="1.0" encoding="UTF-8"?>
<TestRun id="9773be96-53df-49f6-b483-e0cdeac41763" name="apowell@APOWELL-VISTA 2009-06-14 22:57:05" runUser="WDG\apowell" xmlns="http://microsoft.com/schemas/VisualStudio/TeamTest/2006">
  <TestRunConfiguration name="Local Test Run" id="8e6cf961-1d52-4801-9beb-b129cc3bd405">
    <Description>This is a default test run configuration for a local test run.</Description>
    <Deployment runDeploymentRoot="C:\Users\apowell\Documents\Umbraco\Codeplex\umbraco\branches\try-umbraco-linq\trunk\src\Umbraco.Linq\TestResults\apowell_APOWELL-VISTA 2009-06-14 22_57_05">
      <DeploymentItem filename="C:\Users\apowell\Documents\Umbraco\Codeplex\umbraco\branches\try-umbraco-linq\trunk\src\Umbraco.Linq\Core\bin\Debug\Umbraco.Linq.Core.dll" />
      <DeploymentItem filename="C:\Users\apowell\Documents\Umbraco\Codeplex\umbraco\branches\try-umbraco-linq\trunk\dep\Reference Assemblies\Mocking\Typemock.ArrangeActAssert.Dll" />
      <DeploymentItem filename="C:\Users\apowell\Documents\Umbraco\Codeplex\umbraco\branches\try-umbraco-linq\trunk\dep\Reference Assemblies\Umbraco\umbraco.DataLayer.dll" />
      <DeploymentItem filename="C:\Users\apowell\Documents\Umbraco\Codeplex\umbraco\branches\try-umbraco-linq\trunk\src\Umbraco.Linq\DTMetal.Engine\bin\Debug\Umbraco.Linq.DTMetal.Engine.dll" />
      <DeploymentItem filename="C:\Users\apowell\Documents\Umbraco\Codeplex\umbraco\branches\try-umbraco-linq\trunk\src\Umbraco.Linq\DTMetal.CodeBuilder\bin\Debug\Umbraco.Linq.DTMetal.CodeBuilder.dll" />
    </Deployment>
    <CodeCoverage>
      <Regular>
        <CodeCoverageItem binaryFile="DTMetal.Engine\bin\Debug\Umbraco.Linq.DTMetal.Engine.dll" pdbFile="DTMetal.Engine\bin\Debug\Umbraco.Linq.DTMetal.Engine.pdb" instrumentInPlace="true" />
      </Regular>
    </CodeCoverage>
    <TestTypeSpecific />
  </TestRunConfiguration>
  <ResultSummary outcome="Error">
    <Counters total="1" executed="1" error="0" failed="0" timeout="0" aborted="1" inconclusive="0" passedButRunAborted="0" notRunnable="0" notExecuted="0" disconnected="0" warning="0" passed="0" completed="0" inProgress="0" pending="0" />
    <RunInfos>
      <RunInfo computerName="APOWELL-VISTA" outcome="Warning" timestamp="2009-06-14T22:57:07.6526705+10:00">
        <Text>Warning: Test Run deployment issue: The assembly or module 'MySql.Data' directly or indirectly referenced by the test container 'c:\users\apowell\documents\umbraco\codeplex\umbraco\branches\try-umbraco-linq\trunk\src\umbraco.linq\dtmetal.engine.tests\bin\debug\umbraco.linq.dtmetal.engine.tests.dll' was not found.</Text>
      </RunInfo>
      <RunInfo computerName="APOWELL-VISTA" outcome="Error" timestamp="2009-06-14T22:58:04.3472840+10:00">
        <Text>Test host process exited unexpectedly.</Text>
      </RunInfo>
    </RunInfos>
  </ResultSummary>
  <Times creation="2009-06-14T22:57:05.7777905+10:00" queuing="2009-06-14T22:57:25.3185320+10:00" start="2009-06-14T22:57:30.2273975+10:00" finish="2009-06-14T22:58:04.3521665+10:00" />
  <TestDefinitions>
    <UnitTest name="LoadDocTypesTest_ParentNotExists" storage="c:\users\apowell\documents\umbraco\codeplex\umbraco\branches\try-umbraco-linq\trunk\src\umbraco.linq\dtmetal.engine.tests\bin\debug\umbraco.linq.dtmetal.engine.tests.dll" id="02a8eb43-b50a-cbb7-482e-9ae25e9cd387">
      <Css projectStructure="" iteration="" />
      <Owners>
        <Owner name="" />
      </Owners>
      <Execution id="b02e0639-20a3-4186-89be-0b315c9ee09d" />
      <TestMethod codeBase="C:\Users\apowell\Documents\Umbraco\Codeplex\umbraco\branches\try-umbraco-linq\trunk\src\Umbraco.Linq\DTMetal.Engine.Tests\bin\Debug\Umbraco.Linq.DTMetal.Engine.Tests.dll" adapterTypeName="Microsoft.VisualStudio.TestTools.TestTypes.Unit.UnitTestAdapter, Microsoft.VisualStudio.QualityTools.Tips.UnitTest.Adapter, Version=9.0.0.0, Culture=neutral, PublicKeyToken=b03f5f7f11d50a3a" className="Umbraco.Linq.DTMetal.Engine.Tests.DocTypeObjectBuilderTest, Umbraco.Linq.DTMetal.Engine.Tests" name="LoadDocTypesTest_ParentNotExists" />
    </UnitTest>
  </TestDefinitions>
  <TestLists>
    <TestList name="Results Not in a List" id="8c84fa94-04c1-424b-9868-57a2d4851a1d" />
    <TestList name="All Loaded Results" id="19431567-8539-422a-85d7-44ee4e166bda" />
  </TestLists>
  <TestEntries>
    <TestEntry testId="02a8eb43-b50a-cbb7-482e-9ae25e9cd387" executionId="eb4cdc65-78f4-492c-baff-695226f5e07d" testListId="8c84fa94-04c1-424b-9868-57a2d4851a1d" />
  </TestEntries>
  <Results>
    <UnitTestResult executionId="eb4cdc65-78f4-492c-baff-695226f5e07d" testId="02a8eb43-b50a-cbb7-482e-9ae25e9cd387" testName="LoadDocTypesTest_ParentNotExists" computerName="APOWELL-VISTA" duration="00:00:33.7068270" startTime="2009-06-14T22:57:30.6453395+10:00" endTime="2009-06-14T22:58:04.3521665+10:00" testType="13cdc9d9-ddb5-4fa4-a97d-d965ccfc6d4b" outcome="Aborted" testListId="8c84fa94-04c1-424b-9868-57a2d4851a1d">
    </UnitTestResult>
  </Results>
</TestRun>