<?xml version="1.0" encoding="UTF-8"?>
<TestRun id="a162202c-2e46-4c96-a264-35b10b50ef78" name="apowell@APOWELL-VISTA 2009-06-03 16:44:47" runUser="WDG\apowell" xmlns="http://microsoft.com/schemas/VisualStudio/TeamTest/2006">
  <TestRunConfiguration name="Local Test Run" id="8e6cf961-1d52-4801-9beb-b129cc3bd405">
    <Description>This is a default test run configuration for a local test run.</Description>
    <Deployment runDeploymentRoot="C:\Users\apowell\Documents\Umbraco\Codeplex\umbraco\branches\try-umbraco-linq\trunk\src\Umbraco.Linq\TestResults\apowell_APOWELL-VISTA 2009-06-03 16_44_47">
      <DeploymentItem filename="C:\Users\apowell\Documents\Umbraco\Codeplex\umbraco\branches\try-umbraco-linq\trunk\src\Umbraco.Linq\Core\bin\Debug\Umbraco.Linq.Core.dll" />
      <DeploymentItem filename="C:\Users\apowell\Documents\Umbraco\Codeplex\umbraco\branches\try-umbraco-linq\trunk\src\Umbraco.Linq\DTMetal.CodeBuilder\bin\Debug\Umbraco.Linq.DTMetal.CodeBuilder.dll" />
      <DeploymentItem filename="C:\Users\apowell\Documents\Umbraco\Codeplex\umbraco\branches\try-umbraco-linq\trunk\dep\Reference Assemblies\Umbraco\umbraco.DataLayer.dll" />
      <DeploymentItem filename="C:\Users\apowell\Documents\Umbraco\Codeplex\umbraco\branches\try-umbraco-linq\trunk\dep\Reference Assemblies\Umbraco\umbraco.dll" />
      <DeploymentItem filename="C:\Users\apowell\Documents\Umbraco\Codeplex\umbraco\branches\try-umbraco-linq\trunk\dep\Reference Assemblies\Umbraco\businesslogic.dll" />
      <DeploymentItem filename="C:\Users\apowell\Documents\Umbraco\Codeplex\umbraco\branches\try-umbraco-linq\trunk\src\Umbraco.Linq\DTMetal.Engine\bin\Debug\Umbraco.Linq.DTMetal.Engine.dll" />
      <DeploymentItem filename="C:\Users\apowell\Documents\Umbraco\Codeplex\umbraco\branches\try-umbraco-linq\trunk\dep\Reference Assemblies\Mocking\Rhino.Mocks.dll" />
      <DeploymentItem filename="C:\Users\apowell\Documents\Umbraco\Codeplex\umbraco\branches\try-umbraco-linq\trunk\dep\Reference Assemblies\Mocking\Typemock.ArrangeActAssert.Dll" />
    </Deployment>
    <CodeCoverage>
      <Regular>
        <CodeCoverageItem binaryFile="DTMetal.Engine\bin\Debug\Umbraco.Linq.DTMetal.Engine.dll" pdbFile="DTMetal.Engine\bin\Debug\Umbraco.Linq.DTMetal.Engine.pdb" instrumentInPlace="true" />
      </Regular>
    </CodeCoverage>
    <TestTypeSpecific />
  </TestRunConfiguration>
  <ResultSummary outcome="Failed">
    <Counters total="56" executed="56" passed="53" error="0" failed="3" timeout="0" aborted="0" inconclusive="0" passedButRunAborted="0" notRunnable="0" notExecuted="0" disconnected="0" warning="0" completed="0" inProgress="0" pending="0" />
    <RunInfos>
      <RunInfo computerName="APOWELL-VISTA" outcome="Warning" timestamp="2009-06-03T16:44:50.1916100+10:00">
        <Text>Warning: Test Run deployment issue: The assembly or module 'MySql.Data' directly or indirectly referenced by the test container 'c:\users\apowell\documents\umbraco\codeplex\umbraco\branches\try-umbraco-linq\trunk\src\umbraco.linq\core.tests\bin\debug\umbraco.linq.core.tests.dll' was not found.</Text>
      </RunInfo>
      <RunInfo computerName="APOWELL-VISTA" outcome="Warning" timestamp="2009-06-03T16:44:50.1916100+10:00">
        <Text>Warning: Test Run deployment issue: The assembly or module 'Lucene.Net' directly or indirectly referenced by the test container 'c:\users\apowell\documents\umbraco\codeplex\umbraco\branches\try-umbraco-linq\trunk\src\umbraco.linq\core.tests\bin\debug\umbraco.linq.core.tests.dll' was not found.</Text>
      </RunInfo>
      <RunInfo computerName="APOWELL-VISTA" outcome="Warning" timestamp="2009-06-03T16:44:50.1916100+10:00">
        <Text>Warning: Test Run deployment issue: The assembly or module 'ICSharpCode.SharpZipLib' directly or indirectly referenced by the test container 'c:\users\apowell\documents\umbraco\codeplex\umbraco\branches\try-umbraco-linq\trunk\src\umbraco.linq\core.tests\bin\debug\umbraco.linq.core.tests.dll' was not found.</Text>
      </RunInfo>
      <RunInfo computerName="APOWELL-VISTA" outcome="Warning" timestamp="2009-06-03T16:44:50.1916100+10:00">
        <Text>Warning: Test Run deployment issue: The assembly or module 'TidyNet' directly or indirectly referenced by the test container 'c:\users\apowell\documents\umbraco\codeplex\umbraco\branches\try-umbraco-linq\trunk\src\umbraco.linq\core.tests\bin\debug\umbraco.linq.core.tests.dll' was not found.</Text>
      </RunInfo>
      <RunInfo computerName="APOWELL-VISTA" outcome="Warning" timestamp="2009-06-03T16:44:50.1916100+10:00">
        <Text>Warning: Test Run deployment issue: The assembly or module 'CookComputing.XmlRpcV2' directly or indirectly referenced by the test container 'c:\users\apowell\documents\umbraco\codeplex\umbraco\branches\try-umbraco-linq\trunk\src\umbraco.linq\core.tests\bin\debug\umbraco.linq.core.tests.dll' was not found.</Text>
      </RunInfo>
      <RunInfo computerName="APOWELL-VISTA" outcome="Warning" timestamp="2009-06-03T16:44:50.1916100+10:00">
        <Text>Warning: Test Run deployment issue: The assembly or module 'controls' directly or indirectly referenced by the test container 'c:\users\apowell\documents\umbraco\codeplex\umbraco\branches\try-umbraco-linq\trunk\src\umbraco.linq\core.tests\bin\debug\umbraco.linq.core.tests.dll' was not found.</Text>
      </RunInfo>
      <RunInfo computerName="APOWELL-VISTA" outcome="Warning" timestamp="2009-06-03T16:44:50.1916100+10:00">
        <Text>Warning: Test Run deployment issue: The assembly or module 'AjaxControlToolkit' directly or indirectly referenced by the test container 'c:\users\apowell\documents\umbraco\codeplex\umbraco\branches\try-umbraco-linq\trunk\src\umbraco.linq\core.tests\bin\debug\umbraco.linq.core.tests.dll' was not found.</Text>
      </RunInfo>
      <RunInfo computerName="APOWELL-VISTA" outcome="Warning" timestamp="2009-06-03T16:44:50.1916100+10:00">
        <Text>Warning: Test Run deployment issue: The assembly or module 'umbraco.providers' directly or indirectly referenced by the test container 'c:\users\apowell\documents\umbraco\codeplex\umbraco\branches\try-umbraco-linq\trunk\src\umbraco.linq\core.tests\bin\debug\umbraco.linq.core.tests.dll' was not found.</Text>
      </RunInfo>
    </RunInfos>
  </ResultSummary>
  <Times creation="2009-06-03T16:44:47.7639720+10:00" queuing="2009-06-03T16:44:55.0784470+10:00" start="2009-06-03T16:44:55.7907020+10:00" finish="2009-06-03T16:45:29.2786630+10:00" />
  <TestDefinitions>
    <UnitTest name="SelectTest_Anonymous_Query" storage="c:\users\apowell\documents\umbraco\codeplex\umbraco\branches\try-umbraco-linq\trunk\src\umbraco.linq\core.tests\bin\debug\umbraco.linq.core.tests.dll" id="6e0187f1-a985-7267-aac9-b503d0db42c2">
      <Css projectStructure="" iteration="" />
      <Owners>
        <Owner name="" />
      </Owners>
      <DeploymentItems>
        <DeploymentItem filename="umbraco.config" />
      </DeploymentItems>
      <Execution id="07a97914-6859-4540-8d1d-facee17f25a3" />
      <TestMethod codeBase="C:\Users\apowell\Documents\Umbraco\Codeplex\umbraco\branches\try-umbraco-linq\trunk\src\Umbraco.Linq\Core.Tests\bin\Debug\Umbraco.Linq.Core.Tests.dll" adapterTypeName="Microsoft.VisualStudio.TestTools.TestTypes.Unit.UnitTestAdapter, Microsoft.VisualStudio.QualityTools.Tips.UnitTest.Adapter, Version=9.0.0.0, Culture=neutral, PublicKeyToken=b03f5f7f11d50a3a" className="Umbraco.Linq.Core.Tests.SelectTest, Umbraco.Linq.Core.Tests" name="SelectTest_Anonymous_Query" />
    </UnitTest>
    <UnitTest name="LoadDocTypesTest_ParentIncluded" storage="c:\users\apowell\documents\umbraco\codeplex\umbraco\branches\try-umbraco-linq\trunk\src\umbraco.linq\dtmetal.engine.tests\bin\debug\umbraco.linq.dtmetal.engine.tests.dll" id="4088973a-35e2-989f-7be9-a1a71c39ac7d">
      <Css projectStructure="" iteration="" />
      <Owners>
        <Owner name="" />
      </Owners>
      <Execution id="26501497-5cad-425f-8040-b084be37c0c2" />
      <TestMethod codeBase="C:\Users\apowell\Documents\Umbraco\Codeplex\umbraco\branches\try-umbraco-linq\trunk\src\Umbraco.Linq\DTMetal.Engine.Tests\bin\Debug\Umbraco.Linq.DTMetal.Engine.Tests.dll" adapterTypeName="Microsoft.VisualStudio.TestTools.TestTypes.Unit.UnitTestAdapter, Microsoft.VisualStudio.QualityTools.Tips.UnitTest.Adapter, Version=9.0.0.0, Culture=neutral, PublicKeyToken=b03f5f7f11d50a3a" className="Umbraco.Linq.DTMetal.Engine.Tests.DocTypeObjectBuilderTest, Umbraco.Linq.DTMetal.Engine.Tests" name="LoadDocTypesTest_ParentIncluded" />
    </UnitTest>
    <UnitTest name="AncestorTest_NoWhereCondition_NotExists" storage="c:\users\apowell\documents\umbraco\codeplex\umbraco\branches\try-umbraco-linq\trunk\src\umbraco.linq\core.tests\bin\debug\umbraco.linq.core.tests.dll" id="5fae7f64-be90-0be7-6749-e978c7984b83">
      <Css projectStructure="" iteration="" />
      <Owners>
        <Owner name="" />
      </Owners>
      <DeploymentItems>
        <DeploymentItem filename="umbraco.config" />
      </DeploymentItems>
      <Execution id="9a9821cf-5604-4b0b-b67c-a19aacc73c8a" />
      <TestMethod codeBase="C:\Users\apowell\Documents\Umbraco\Codeplex\umbraco\branches\try-umbraco-linq\trunk\src\Umbraco.Linq\Core.Tests\bin\Debug\Umbraco.Linq.Core.Tests.dll" adapterTypeName="Microsoft.VisualStudio.TestTools.TestTypes.Unit.UnitTestAdapter, Microsoft.VisualStudio.QualityTools.Tips.UnitTest.Adapter, Version=9.0.0.0, Culture=neutral, PublicKeyToken=b03f5f7f11d50a3a" className="Umbraco.Linq.Core.Tests.AncestorTest, Umbraco.Linq.Core.Tests" name="AncestorTest_NoWhereCondition_NotExists" />
    </UnitTest>
    <UnitTest name="InheritanceTest_PropertyFromBase" storage="c:\users\apowell\documents\umbraco\codeplex\umbraco\branches\try-umbraco-linq\trunk\src\umbraco.linq\core.tests\bin\debug\umbraco.linq.core.tests.dll" id="ecf2e155-9a8e-8e63-5f9c-7ef3f0b446fd">
      <Css projectStructure="" iteration="" />
      <Owners>
        <Owner name="" />
      </Owners>
      <DeploymentItems>
        <DeploymentItem filename="umbraco.config" />
      </DeploymentItems>
      <Execution id="8fd23871-6c81-4e9e-a971-896a8e8fa286" />
      <TestMethod codeBase="C:\Users\apowell\Documents\Umbraco\Codeplex\umbraco\branches\try-umbraco-linq\trunk\src\Umbraco.Linq\Core.Tests\bin\Debug\Umbraco.Linq.Core.Tests.dll" adapterTypeName="Microsoft.VisualStudio.TestTools.TestTypes.Unit.UnitTestAdapter, Microsoft.VisualStudio.QualityTools.Tips.UnitTest.Adapter, Version=9.0.0.0, Culture=neutral, PublicKeyToken=b03f5f7f11d50a3a" className="Umbraco.Linq.Core.Tests.InheritanceTest, Umbraco.Linq.Core.Tests" name="InheritanceTest_PropertyFromBase" />
    </UnitTest>
    <UnitTest name="DocTypeMarkupLanguageBuilderTest_DocTypeWithAssociations" storage="c:\users\apowell\documents\umbraco\codeplex\umbraco\branches\try-umbraco-linq\trunk\src\umbraco.linq\dtmetal.engine.tests\bin\debug\umbraco.linq.dtmetal.engine.tests.dll" id="cfba73c4-c7de-b432-9d19-946e3f6fafbd">
      <Css projectStructure="" iteration="" />
      <Owners>
        <Owner name="" />
      </Owners>
      <Execution id="d588b9d9-1c6c-4308-8bcd-2093a94d96d4" />
      <TestMethod codeBase="C:\Users\apowell\Documents\Umbraco\Codeplex\umbraco\branches\try-umbraco-linq\trunk\src\Umbraco.Linq\DTMetal.Engine.Tests\bin\Debug\Umbraco.Linq.DTMetal.Engine.Tests.dll" adapterTypeName="Microsoft.VisualStudio.TestTools.TestTypes.Unit.UnitTestAdapter, Microsoft.VisualStudio.QualityTools.Tips.UnitTest.Adapter, Version=9.0.0.0, Culture=neutral, PublicKeyToken=b03f5f7f11d50a3a" className="Umbraco.Linq.DTMetal.Engine.Tests.DocTypeMarkupLanguageBuilderTests, Umbraco.Linq.DTMetal.Engine.Tests" name="DocTypeMarkupLanguageBuilderTest_DocTypeWithAssociations" />
    </UnitTest>
    <UnitTest name="LoadDocTypesTest_ReaderAccessed" storage="c:\users\apowell\documents\umbraco\codeplex\umbraco\branches\try-umbraco-linq\trunk\src\umbraco.linq\dtmetal.engine.tests\bin\debug\umbraco.linq.dtmetal.engine.tests.dll" id="cb26c3dd-b083-5942-27a3-eafe3dd4f282">
      <Css projectStructure="" iteration="" />
      <Owners>
        <Owner name="" />
      </Owners>
      <Execution id="89194ab4-7091-4850-b055-e580853b15b3" />
      <TestMethod codeBase="C:\Users\apowell\Documents\Umbraco\Codeplex\umbraco\branches\try-umbraco-linq\trunk\src\Umbraco.Linq\DTMetal.Engine.Tests\bin\Debug\Umbraco.Linq.DTMetal.Engine.Tests.dll" adapterTypeName="Microsoft.VisualStudio.TestTools.TestTypes.Unit.UnitTestAdapter, Microsoft.VisualStudio.QualityTools.Tips.UnitTest.Adapter, Version=9.0.0.0, Culture=neutral, PublicKeyToken=b03f5f7f11d50a3a" className="Umbraco.Linq.DTMetal.Engine.Tests.DocTypeObjectBuilderTest, Umbraco.Linq.DTMetal.Engine.Tests" name="LoadDocTypesTest_ReaderAccessed" />
    </UnitTest>
    <UnitTest name="LoadDocTypesTest_ParentNotIncluded" storage="c:\users\apowell\documents\umbraco\codeplex\umbraco\branches\try-umbraco-linq\trunk\src\umbraco.linq\dtmetal.engine.tests\bin\debug\umbraco.linq.dtmetal.engine.tests.dll" id="705cc8a7-65a7-9d50-5dbe-2c4f569952fe">
      <Css projectStructure="" iteration="" />
      <Owners>
        <Owner name="" />
      </Owners>
      <Execution id="4f12ae70-c14e-4834-a835-2faf89d3e5c8" />
      <TestMethod codeBase="C:\Users\apowell\Documents\Umbraco\Codeplex\umbraco\branches\try-umbraco-linq\trunk\src\Umbraco.Linq\DTMetal.Engine.Tests\bin\Debug\Umbraco.Linq.DTMetal.Engine.Tests.dll" adapterTypeName="Microsoft.VisualStudio.TestTools.TestTypes.Unit.UnitTestAdapter, Microsoft.VisualStudio.QualityTools.Tips.UnitTest.Adapter, Version=9.0.0.0, Culture=neutral, PublicKeyToken=b03f5f7f11d50a3a" className="Umbraco.Linq.DTMetal.Engine.Tests.DocTypeObjectBuilderTest, Umbraco.Linq.DTMetal.Engine.Tests" name="LoadDocTypesTest_ParentNotIncluded" />
    </UnitTest>
    <UnitTest name="DataContextMockTest_MockProvider" storage="c:\users\apowell\documents\umbraco\codeplex\umbraco\branches\try-umbraco-linq\trunk\src\umbraco.linq\core.mockable.tests\bin\debug\umbraco.linqcore.mockable.tests.dll" id="d4949013-8195-0041-b9b7-ae2502a8cca1">
      <Css projectStructure="" iteration="" />
      <Owners>
        <Owner name="" />
      </Owners>
      <Execution id="a50c3da9-bc6c-42e8-8729-2a6af8067980" />
      <TestMethod codeBase="C:\Users\apowell\Documents\Umbraco\Codeplex\umbraco\branches\try-umbraco-linq\trunk\src\Umbraco.Linq\Core.Mockable.Tests\bin\Debug\Umbraco.LinqCore.Mockable.Tests.dll" adapterTypeName="Microsoft.VisualStudio.TestTools.TestTypes.Unit.UnitTestAdapter, Microsoft.VisualStudio.QualityTools.Tips.UnitTest.Adapter, Version=9.0.0.0, Culture=neutral, PublicKeyToken=b03f5f7f11d50a3a" className="Umbraco.LinqCore.Mockable.Tests.DataContextMockTest, Umbraco.LinqCore.Mockable.Tests" name="DataContextMockTest_MockProvider" />
    </UnitTest>
    <UnitTest name="DataContextTest_FileMustExist" storage="c:\users\apowell\documents\umbraco\codeplex\umbraco\branches\try-umbraco-linq\trunk\src\umbraco.linq\core.tests\bin\debug\umbraco.linq.core.tests.dll" id="16a970cb-efea-aa31-bd1b-d6c374ee4ad0">
      <Css projectStructure="" iteration="" />
      <Owners>
        <Owner name="" />
      </Owners>
      <DeploymentItems>
        <DeploymentItem filename="umbraco.config" />
      </DeploymentItems>
      <Execution id="2fe3333c-4106-442f-b105-9f7a926b8673" />
      <TestMethod codeBase="C:\Users\apowell\Documents\Umbraco\Codeplex\umbraco\branches\try-umbraco-linq\trunk\src\Umbraco.Linq\Core.Tests\bin\Debug\Umbraco.Linq.Core.Tests.dll" adapterTypeName="Microsoft.VisualStudio.TestTools.TestTypes.Unit.UnitTestAdapter, Microsoft.VisualStudio.QualityTools.Tips.UnitTest.Adapter, Version=9.0.0.0, Culture=neutral, PublicKeyToken=b03f5f7f11d50a3a" className="Umbraco.Linq.Core.Tests.DataContextTest, Umbraco.Linq.Core.Tests" name="DataContextTest_FileMustExist" />
    </UnitTest>
    <UnitTest name="CwsReplicationTest_ListGalleries" storage="c:\users\apowell\documents\umbraco\codeplex\umbraco\branches\try-umbraco-linq\trunk\src\umbraco.linq\core.tests\bin\debug\umbraco.linq.core.tests.dll" id="d7d30b25-2a4b-e82b-7ec9-fe950042e500">
      <Css projectStructure="" iteration="" />
      <Owners>
        <Owner name="" />
      </Owners>
      <DeploymentItems>
        <DeploymentItem filename="umbraco.config" />
      </DeploymentItems>
      <Execution id="db8935de-ea0d-4714-8e4d-74be3d576b6c" />
      <TestMethod codeBase="C:\Users\apowell\Documents\Umbraco\Codeplex\umbraco\branches\try-umbraco-linq\trunk\src\Umbraco.Linq\Core.Tests\bin\Debug\Umbraco.Linq.Core.Tests.dll" adapterTypeName="Microsoft.VisualStudio.TestTools.TestTypes.Unit.UnitTestAdapter, Microsoft.VisualStudio.QualityTools.Tips.UnitTest.Adapter, Version=9.0.0.0, Culture=neutral, PublicKeyToken=b03f5f7f11d50a3a" className="Umbraco.Linq.Core.Tests.CwsReplicationTest, Umbraco.Linq.Core.Tests" name="CwsReplicationTest_ListGalleries" />
    </UnitTest>
    <UnitTest name="SelectTest_LoopTree_Lambda" storage="c:\users\apowell\documents\umbraco\codeplex\umbraco\branches\try-umbraco-linq\trunk\src\umbraco.linq\core.tests\bin\debug\umbraco.linq.core.tests.dll" id="4f6f50c5-5791-b771-ea0d-04fe27df025d">
      <Css projectStructure="" iteration="" />
      <Owners>
        <Owner name="" />
      </Owners>
      <DeploymentItems>
        <DeploymentItem filename="umbraco.config" />
      </DeploymentItems>
      <Execution id="69b4f265-44d0-4301-b6be-3b2cbfcdd2bf" />
      <TestMethod codeBase="C:\Users\apowell\Documents\Umbraco\Codeplex\umbraco\branches\try-umbraco-linq\trunk\src\Umbraco.Linq\Core.Tests\bin\Debug\Umbraco.Linq.Core.Tests.dll" adapterTypeName="Microsoft.VisualStudio.TestTools.TestTypes.Unit.UnitTestAdapter, Microsoft.VisualStudio.QualityTools.Tips.UnitTest.Adapter, Version=9.0.0.0, Culture=neutral, PublicKeyToken=b03f5f7f11d50a3a" className="Umbraco.Linq.Core.Tests.SelectTest, Umbraco.Linq.Core.Tests" name="SelectTest_LoopTree_Lambda" />
    </UnitTest>
    <UnitTest name="WhereTest_DateTimeGreaterThan_Query" storage="c:\users\apowell\documents\umbraco\codeplex\umbraco\branches\try-umbraco-linq\trunk\src\umbraco.linq\core.tests\bin\debug\umbraco.linq.core.tests.dll" id="ab60c870-c97e-3903-3f94-9b1cd04e2750">
      <Css projectStructure="" iteration="" />
      <Owners>
        <Owner name="" />
      </Owners>
      <DeploymentItems>
        <DeploymentItem filename="umbraco.config" />
      </DeploymentItems>
      <Execution id="13664768-1b08-4bc3-94a5-d84167c4c798" />
      <TestMethod codeBase="C:\Users\apowell\Documents\Umbraco\Codeplex\umbraco\branches\try-umbraco-linq\trunk\src\Umbraco.Linq\Core.Tests\bin\Debug\Umbraco.Linq.Core.Tests.dll" adapterTypeName="Microsoft.VisualStudio.TestTools.TestTypes.Unit.UnitTestAdapter, Microsoft.VisualStudio.QualityTools.Tips.UnitTest.Adapter, Version=9.0.0.0, Culture=neutral, PublicKeyToken=b03f5f7f11d50a3a" className="Umbraco.Linq.Core.Tests.WhereTest, Umbraco.Linq.Core.Tests" name="WhereTest_DateTimeGreaterThan_Query" />
    </UnitTest>
    <UnitTest name="LoadDocTypesTest_IntPropertyMapping" storage="c:\users\apowell\documents\umbraco\codeplex\umbraco\branches\try-umbraco-linq\trunk\src\umbraco.linq\dtmetal.engine.tests\bin\debug\umbraco.linq.dtmetal.engine.tests.dll" id="6dc33ee8-1d74-b6fd-c898-bc123cc01e06">
      <Css projectStructure="" iteration="" />
      <Owners>
        <Owner name="" />
      </Owners>
      <Execution id="db89d1a8-6758-43a9-8f54-19395acdc95b" />
      <TestMethod codeBase="C:\Users\apowell\Documents\Umbraco\Codeplex\umbraco\branches\try-umbraco-linq\trunk\src\Umbraco.Linq\DTMetal.Engine.Tests\bin\Debug\Umbraco.Linq.DTMetal.Engine.Tests.dll" adapterTypeName="Microsoft.VisualStudio.TestTools.TestTypes.Unit.UnitTestAdapter, Microsoft.VisualStudio.QualityTools.Tips.UnitTest.Adapter, Version=9.0.0.0, Culture=neutral, PublicKeyToken=b03f5f7f11d50a3a" className="Umbraco.Linq.DTMetal.Engine.Tests.DocTypeObjectBuilderTest, Umbraco.Linq.DTMetal.Engine.Tests" name="LoadDocTypesTest_IntPropertyMapping" />
    </UnitTest>
    <UnitTest name="LoadDocTypesTest_NvarcharPropertyMapping" storage="c:\users\apowell\documents\umbraco\codeplex\umbraco\branches\try-umbraco-linq\trunk\src\umbraco.linq\dtmetal.engine.tests\bin\debug\umbraco.linq.dtmetal.engine.tests.dll" id="9d0b7dca-11a8-707b-94a4-40f61946d8cd">
      <Css projectStructure="" iteration="" />
      <Owners>
        <Owner name="" />
      </Owners>
      <Execution id="36e9017b-10d5-40c8-8ba3-b4749d9f1732" />
      <TestMethod codeBase="C:\Users\apowell\Documents\Umbraco\Codeplex\umbraco\branches\try-umbraco-linq\trunk\src\Umbraco.Linq\DTMetal.Engine.Tests\bin\Debug\Umbraco.Linq.DTMetal.Engine.Tests.dll" adapterTypeName="Microsoft.VisualStudio.TestTools.TestTypes.Unit.UnitTestAdapter, Microsoft.VisualStudio.QualityTools.Tips.UnitTest.Adapter, Version=9.0.0.0, Culture=neutral, PublicKeyToken=b03f5f7f11d50a3a" className="Umbraco.Linq.DTMetal.Engine.Tests.DocTypeObjectBuilderTest, Umbraco.Linq.DTMetal.Engine.Tests" name="LoadDocTypesTest_NvarcharPropertyMapping" />
    </UnitTest>
    <UnitTest name="DocTypeMarkupLanguageBuilderTest_DataContextName" storage="c:\users\apowell\documents\umbraco\codeplex\umbraco\branches\try-umbraco-linq\trunk\src\umbraco.linq\dtmetal.engine.tests\bin\debug\umbraco.linq.dtmetal.engine.tests.dll" id="a1140c55-f07f-a7b0-916a-e810c0dad69e">
      <Css projectStructure="" iteration="" />
      <Owners>
        <Owner name="" />
      </Owners>
      <Execution id="068e825f-a54e-4dbf-9535-63239444a6d9" />
      <TestMethod codeBase="C:\Users\apowell\Documents\Umbraco\Codeplex\umbraco\branches\try-umbraco-linq\trunk\src\Umbraco.Linq\DTMetal.Engine.Tests\bin\Debug\Umbraco.Linq.DTMetal.Engine.Tests.dll" adapterTypeName="Microsoft.VisualStudio.TestTools.TestTypes.Unit.UnitTestAdapter, Microsoft.VisualStudio.QualityTools.Tips.UnitTest.Adapter, Version=9.0.0.0, Culture=neutral, PublicKeyToken=b03f5f7f11d50a3a" className="Umbraco.Linq.DTMetal.Engine.Tests.DocTypeMarkupLanguageBuilderTests, Umbraco.Linq.DTMetal.Engine.Tests" name="DocTypeMarkupLanguageBuilderTest_DataContextName" />
    </UnitTest>
    <UnitTest name="SelectTest_LoopTree_Query" storage="c:\users\apowell\documents\umbraco\codeplex\umbraco\branches\try-umbraco-linq\trunk\src\umbraco.linq\core.tests\bin\debug\umbraco.linq.core.tests.dll" id="9995e473-e45c-46e5-4b90-9fb40e26b372">
      <Css projectStructure="" iteration="" />
      <Owners>
        <Owner name="" />
      </Owners>
      <DeploymentItems>
        <DeploymentItem filename="umbraco.config" />
      </DeploymentItems>
      <Execution id="be9c411e-ee12-4d18-a0a1-ceb0438a7a4f" />
      <TestMethod codeBase="C:\Users\apowell\Documents\Umbraco\Codeplex\umbraco\branches\try-umbraco-linq\trunk\src\Umbraco.Linq\Core.Tests\bin\Debug\Umbraco.Linq.Core.Tests.dll" adapterTypeName="Microsoft.VisualStudio.TestTools.TestTypes.Unit.UnitTestAdapter, Microsoft.VisualStudio.QualityTools.Tips.UnitTest.Adapter, Version=9.0.0.0, Culture=neutral, PublicKeyToken=b03f5f7f11d50a3a" className="Umbraco.Linq.Core.Tests.SelectTest, Umbraco.Linq.Core.Tests" name="SelectTest_LoopTree_Query" />
    </UnitTest>
    <UnitTest name="DocTypeMarkupLanguageBuilderTest_XmlValidates" storage="c:\users\apowell\documents\umbraco\codeplex\umbraco\branches\try-umbraco-linq\trunk\src\umbraco.linq\dtmetal.engine.tests\bin\debug\umbraco.linq.dtmetal.engine.tests.dll" id="f190a114-5462-637a-46f1-d65f43fc294a">
      <Css projectStructure="" iteration="" />
      <Owners>
        <Owner name="" />
      </Owners>
      <Execution id="c5316fdd-3b00-494d-8e35-4f35c8ba9af3" />
      <TestMethod codeBase="C:\Users\apowell\Documents\Umbraco\Codeplex\umbraco\branches\try-umbraco-linq\trunk\src\Umbraco.Linq\DTMetal.Engine.Tests\bin\Debug\Umbraco.Linq.DTMetal.Engine.Tests.dll" adapterTypeName="Microsoft.VisualStudio.TestTools.TestTypes.Unit.UnitTestAdapter, Microsoft.VisualStudio.QualityTools.Tips.UnitTest.Adapter, Version=9.0.0.0, Culture=neutral, PublicKeyToken=b03f5f7f11d50a3a" className="Umbraco.Linq.DTMetal.Engine.Tests.DocTypeMarkupLanguageBuilderTests, Umbraco.Linq.DTMetal.Engine.Tests" name="DocTypeMarkupLanguageBuilderTest_XmlValidates" />
    </UnitTest>
    <UnitTest name="LoadDocTypesTest_NtextPropertyMapping" storage="c:\users\apowell\documents\umbraco\codeplex\umbraco\branches\try-umbraco-linq\trunk\src\umbraco.linq\dtmetal.engine.tests\bin\debug\umbraco.linq.dtmetal.engine.tests.dll" id="aa77d8d7-9994-8f83-49b3-a35d4d7154a9">
      <Css projectStructure="" iteration="" />
      <Owners>
        <Owner name="" />
      </Owners>
      <Execution id="5d99d219-b3ad-4d4e-a3e2-7de94281c51b" />
      <TestMethod codeBase="C:\Users\apowell\Documents\Umbraco\Codeplex\umbraco\branches\try-umbraco-linq\trunk\src\Umbraco.Linq\DTMetal.Engine.Tests\bin\Debug\Umbraco.Linq.DTMetal.Engine.Tests.dll" adapterTypeName="Microsoft.VisualStudio.TestTools.TestTypes.Unit.UnitTestAdapter, Microsoft.VisualStudio.QualityTools.Tips.UnitTest.Adapter, Version=9.0.0.0, Culture=neutral, PublicKeyToken=b03f5f7f11d50a3a" className="Umbraco.Linq.DTMetal.Engine.Tests.DocTypeObjectBuilderTest, Umbraco.Linq.DTMetal.Engine.Tests" name="LoadDocTypesTest_NtextPropertyMapping" />
    </UnitTest>
    <UnitTest name="SelectTest_SingleProperty_Query" storage="c:\users\apowell\documents\umbraco\codeplex\umbraco\branches\try-umbraco-linq\trunk\src\umbraco.linq\core.tests\bin\debug\umbraco.linq.core.tests.dll" id="4fb22d59-8b15-2879-48bc-eef3769d793e">
      <Css projectStructure="" iteration="" />
      <Owners>
        <Owner name="" />
      </Owners>
      <DeploymentItems>
        <DeploymentItem filename="umbraco.config" />
      </DeploymentItems>
      <Execution id="9e139c46-4644-4da6-9fd7-76f706191e1a" />
      <TestMethod codeBase="C:\Users\apowell\Documents\Umbraco\Codeplex\umbraco\branches\try-umbraco-linq\trunk\src\Umbraco.Linq\Core.Tests\bin\Debug\Umbraco.Linq.Core.Tests.dll" adapterTypeName="Microsoft.VisualStudio.TestTools.TestTypes.Unit.UnitTestAdapter, Microsoft.VisualStudio.QualityTools.Tips.UnitTest.Adapter, Version=9.0.0.0, Culture=neutral, PublicKeyToken=b03f5f7f11d50a3a" className="Umbraco.Linq.Core.Tests.SelectTest, Umbraco.Linq.Core.Tests" name="SelectTest_SingleProperty_Query" />
    </UnitTest>
    <UnitTest name="ChildTest_ChildExist" storage="c:\users\apowell\documents\umbraco\codeplex\umbraco\branches\try-umbraco-linq\trunk\src\umbraco.linq\core.tests\bin\debug\umbraco.linq.core.tests.dll" id="5adbb0f1-1fee-5a23-1e3a-3030f99f20b7">
      <Css projectStructure="" iteration="" />
      <Owners>
        <Owner name="" />
      </Owners>
      <DeploymentItems>
        <DeploymentItem filename="umbraco.config" />
      </DeploymentItems>
      <Execution id="b6e6f6d5-1e0b-4fdd-8d29-3978f9c9e86f" />
      <TestMethod codeBase="C:\Users\apowell\Documents\Umbraco\Codeplex\umbraco\branches\try-umbraco-linq\trunk\src\Umbraco.Linq\Core.Tests\bin\Debug\Umbraco.Linq.Core.Tests.dll" adapterTypeName="Microsoft.VisualStudio.TestTools.TestTypes.Unit.UnitTestAdapter, Microsoft.VisualStudio.QualityTools.Tips.UnitTest.Adapter, Version=9.0.0.0, Culture=neutral, PublicKeyToken=b03f5f7f11d50a3a" className="Umbraco.Linq.Core.Tests.ChildTest, Umbraco.Linq.Core.Tests" name="ChildTest_ChildExist" />
    </UnitTest>
    <UnitTest name="DataContextTest_OfNodeTypes" storage="c:\users\apowell\documents\umbraco\codeplex\umbraco\branches\try-umbraco-linq\trunk\src\umbraco.linq\core.tests\bin\debug\umbraco.linq.core.tests.dll" id="a0e4e5b6-faf4-3b07-5448-60122368f27b">
      <Css projectStructure="" iteration="" />
      <Owners>
        <Owner name="" />
      </Owners>
      <DeploymentItems>
        <DeploymentItem filename="umbraco.config" />
      </DeploymentItems>
      <Execution id="5276993c-98bf-4995-b510-08f0db084034" />
      <TestMethod codeBase="C:\Users\apowell\Documents\Umbraco\Codeplex\umbraco\branches\try-umbraco-linq\trunk\src\Umbraco.Linq\Core.Tests\bin\Debug\Umbraco.Linq.Core.Tests.dll" adapterTypeName="Microsoft.VisualStudio.TestTools.TestTypes.Unit.UnitTestAdapter, Microsoft.VisualStudio.QualityTools.Tips.UnitTest.Adapter, Version=9.0.0.0, Culture=neutral, PublicKeyToken=b03f5f7f11d50a3a" className="Umbraco.Linq.Core.Tests.DataContextTest, Umbraco.Linq.Core.Tests" name="DataContextTest_OfNodeTypes" />
    </UnitTest>
    <UnitTest name="AncestorTest_Where_NotExists" storage="c:\users\apowell\documents\umbraco\codeplex\umbraco\branches\try-umbraco-linq\trunk\src\umbraco.linq\core.tests\bin\debug\umbraco.linq.core.tests.dll" id="17d6977f-47ab-45fc-6ab3-9e8a0a500aa9">
      <Css projectStructure="" iteration="" />
      <Owners>
        <Owner name="" />
      </Owners>
      <DeploymentItems>
        <DeploymentItem filename="umbraco.config" />
      </DeploymentItems>
      <Execution id="0858cf03-320f-441d-b940-6afe0fc96d8e" />
      <TestMethod codeBase="C:\Users\apowell\Documents\Umbraco\Codeplex\umbraco\branches\try-umbraco-linq\trunk\src\Umbraco.Linq\Core.Tests\bin\Debug\Umbraco.Linq.Core.Tests.dll" adapterTypeName="Microsoft.VisualStudio.TestTools.TestTypes.Unit.UnitTestAdapter, Microsoft.VisualStudio.QualityTools.Tips.UnitTest.Adapter, Version=9.0.0.0, Culture=neutral, PublicKeyToken=b03f5f7f11d50a3a" className="Umbraco.Linq.Core.Tests.AncestorTest, Umbraco.Linq.Core.Tests" name="AncestorTest_Where_NotExists" />
    </UnitTest>
    <UnitTest name="DocTypeMarkupLanguageBuilderTest_NormaliseAlias" storage="c:\users\apowell\documents\umbraco\codeplex\umbraco\branches\try-umbraco-linq\trunk\src\umbraco.linq\dtmetal.engine.tests\bin\debug\umbraco.linq.dtmetal.engine.tests.dll" id="752b6e7d-596c-0e44-8b41-eb737375ff20">
      <Css projectStructure="" iteration="" />
      <Owners>
        <Owner name="" />
      </Owners>
      <Execution id="6ea76422-b815-4c3a-aa56-6361ffdd2cec" />
      <TestMethod codeBase="C:\Users\apowell\Documents\Umbraco\Codeplex\umbraco\branches\try-umbraco-linq\trunk\src\Umbraco.Linq\DTMetal.Engine.Tests\bin\Debug\Umbraco.Linq.DTMetal.Engine.Tests.dll" adapterTypeName="Microsoft.VisualStudio.TestTools.TestTypes.Unit.UnitTestAdapter, Microsoft.VisualStudio.QualityTools.Tips.UnitTest.Adapter, Version=9.0.0.0, Culture=neutral, PublicKeyToken=b03f5f7f11d50a3a" className="Umbraco.Linq.DTMetal.Engine.Tests.DocTypeMarkupLanguageBuilderTests, Umbraco.Linq.DTMetal.Engine.Tests" name="DocTypeMarkupLanguageBuilderTest_NormaliseAlias" />
    </UnitTest>
    <UnitTest name="DataContextTest_DefaultConstructorIsNodeProvider" storage="c:\users\apowell\documents\umbraco\codeplex\umbraco\branches\try-umbraco-linq\trunk\src\umbraco.linq\core.tests\bin\debug\umbraco.linq.core.tests.dll" id="491b6b08-f0fc-3140-95b6-30c4c00307c2">
      <Css projectStructure="" iteration="" />
      <Owners>
        <Owner name="" />
      </Owners>
      <DeploymentItems>
        <DeploymentItem filename="umbraco.config" />
      </DeploymentItems>
      <Execution id="67658504-2646-4c55-a34b-7b3b35fd22ac" />
      <TestMethod codeBase="C:\Users\apowell\Documents\Umbraco\Codeplex\umbraco\branches\try-umbraco-linq\trunk\src\Umbraco.Linq\Core.Tests\bin\Debug\Umbraco.Linq.Core.Tests.dll" adapterTypeName="Microsoft.VisualStudio.TestTools.TestTypes.Unit.UnitTestAdapter, Microsoft.VisualStudio.QualityTools.Tips.UnitTest.Adapter, Version=9.0.0.0, Culture=neutral, PublicKeyToken=b03f5f7f11d50a3a" className="Umbraco.Linq.Core.Tests.DataContextTest, Umbraco.Linq.Core.Tests" name="DataContextTest_DefaultConstructorIsNodeProvider" />
    </UnitTest>
    <UnitTest name="LoadDocTypesTest_DocTypeProperties" storage="c:\users\apowell\documents\umbraco\codeplex\umbraco\branches\try-umbraco-linq\trunk\src\umbraco.linq\dtmetal.engine.tests\bin\debug\umbraco.linq.dtmetal.engine.tests.dll" id="6aeb42f8-defd-0b91-3920-791240ffb650">
      <Css projectStructure="" iteration="" />
      <Owners>
        <Owner name="" />
      </Owners>
      <Execution id="ec45772e-c084-4324-b037-6bbca32b70e3" />
      <TestMethod codeBase="C:\Users\apowell\Documents\Umbraco\Codeplex\umbraco\branches\try-umbraco-linq\trunk\src\Umbraco.Linq\DTMetal.Engine.Tests\bin\Debug\Umbraco.Linq.DTMetal.Engine.Tests.dll" adapterTypeName="Microsoft.VisualStudio.TestTools.TestTypes.Unit.UnitTestAdapter, Microsoft.VisualStudio.QualityTools.Tips.UnitTest.Adapter, Version=9.0.0.0, Culture=neutral, PublicKeyToken=b03f5f7f11d50a3a" className="Umbraco.Linq.DTMetal.Engine.Tests.DocTypeObjectBuilderTest, Umbraco.Linq.DTMetal.Engine.Tests" name="LoadDocTypesTest_DocTypeProperties" />
    </UnitTest>
    <UnitTest name="ParentTest_TopParentNull" storage="c:\users\apowell\documents\umbraco\codeplex\umbraco\branches\try-umbraco-linq\trunk\src\umbraco.linq\core.tests\bin\debug\umbraco.linq.core.tests.dll" id="5d512a8d-f22e-eca3-63c9-ef16f0d0277e">
      <Css projectStructure="" iteration="" />
      <Owners>
        <Owner name="" />
      </Owners>
      <DeploymentItems>
        <DeploymentItem filename="umbraco.config" />
      </DeploymentItems>
      <Execution id="03b7b1c0-adcb-46d4-9db4-f5cca40b0b03" />
      <TestMethod codeBase="C:\Users\apowell\Documents\Umbraco\Codeplex\umbraco\branches\try-umbraco-linq\trunk\src\Umbraco.Linq\Core.Tests\bin\Debug\Umbraco.Linq.Core.Tests.dll" adapterTypeName="Microsoft.VisualStudio.TestTools.TestTypes.Unit.UnitTestAdapter, Microsoft.VisualStudio.QualityTools.Tips.UnitTest.Adapter, Version=9.0.0.0, Culture=neutral, PublicKeyToken=b03f5f7f11d50a3a" className="Umbraco.Linq.Core.Tests.ParentTest, Umbraco.Linq.Core.Tests" name="ParentTest_TopParentNull" />
    </UnitTest>
    <UnitTest name="DocTypeMarkupLanguageBuilderTest_Constructor" storage="c:\users\apowell\documents\umbraco\codeplex\umbraco\branches\try-umbraco-linq\trunk\src\umbraco.linq\dtmetal.engine.tests\bin\debug\umbraco.linq.dtmetal.engine.tests.dll" id="fdedb5ed-665b-0117-1077-5cfdb3652c4b">
      <Css projectStructure="" iteration="" />
      <Owners>
        <Owner name="" />
      </Owners>
      <Execution id="ac53b18e-e1b4-4705-b866-734cd0e18e8b" />
      <TestMethod codeBase="C:\Users\apowell\Documents\Umbraco\Codeplex\umbraco\branches\try-umbraco-linq\trunk\src\Umbraco.Linq\DTMetal.Engine.Tests\bin\Debug\Umbraco.Linq.DTMetal.Engine.Tests.dll" adapterTypeName="Microsoft.VisualStudio.TestTools.TestTypes.Unit.UnitTestAdapter, Microsoft.VisualStudio.QualityTools.Tips.UnitTest.Adapter, Version=9.0.0.0, Culture=neutral, PublicKeyToken=b03f5f7f11d50a3a" className="Umbraco.Linq.DTMetal.Engine.Tests.DocTypeMarkupLanguageBuilderTests, Umbraco.Linq.DTMetal.Engine.Tests" name="DocTypeMarkupLanguageBuilderTest_Constructor" />
    </UnitTest>
    <UnitTest name="SelectTest_SingleProperty_Lambda" storage="c:\users\apowell\documents\umbraco\codeplex\umbraco\branches\try-umbraco-linq\trunk\src\umbraco.linq\core.tests\bin\debug\umbraco.linq.core.tests.dll" id="703fd371-9b76-753b-3664-a40434ea16b1">
      <Css projectStructure="" iteration="" />
      <Owners>
        <Owner name="" />
      </Owners>
      <DeploymentItems>
        <DeploymentItem filename="umbraco.config" />
      </DeploymentItems>
      <Execution id="1be7085a-9450-4c9d-81e9-209e248ab9ca" />
      <TestMethod codeBase="C:\Users\apowell\Documents\Umbraco\Codeplex\umbraco\branches\try-umbraco-linq\trunk\src\Umbraco.Linq\Core.Tests\bin\Debug\Umbraco.Linq.Core.Tests.dll" adapterTypeName="Microsoft.VisualStudio.TestTools.TestTypes.Unit.UnitTestAdapter, Microsoft.VisualStudio.QualityTools.Tips.UnitTest.Adapter, Version=9.0.0.0, Culture=neutral, PublicKeyToken=b03f5f7f11d50a3a" className="Umbraco.Linq.Core.Tests.SelectTest, Umbraco.Linq.Core.Tests" name="SelectTest_SingleProperty_Lambda" />
    </UnitTest>
    <UnitTest name="WhereTest_TwoParameter_Query" storage="c:\users\apowell\documents\umbraco\codeplex\umbraco\branches\try-umbraco-linq\trunk\src\umbraco.linq\core.tests\bin\debug\umbraco.linq.core.tests.dll" id="9b3a1f75-d310-4d4e-1d01-3e9aca5552c3">
      <Css projectStructure="" iteration="" />
      <Owners>
        <Owner name="" />
      </Owners>
      <DeploymentItems>
        <DeploymentItem filename="umbraco.config" />
      </DeploymentItems>
      <Execution id="770a3eba-e288-471f-83a6-662fe09572df" />
      <TestMethod codeBase="C:\Users\apowell\Documents\Umbraco\Codeplex\umbraco\branches\try-umbraco-linq\trunk\src\Umbraco.Linq\Core.Tests\bin\Debug\Umbraco.Linq.Core.Tests.dll" adapterTypeName="Microsoft.VisualStudio.TestTools.TestTypes.Unit.UnitTestAdapter, Microsoft.VisualStudio.QualityTools.Tips.UnitTest.Adapter, Version=9.0.0.0, Culture=neutral, PublicKeyToken=b03f5f7f11d50a3a" className="Umbraco.Linq.Core.Tests.WhereTest, Umbraco.Linq.Core.Tests" name="WhereTest_TwoParameter_Query" />
    </UnitTest>
    <UnitTest name="AncestorTest_Where_Exists" storage="c:\users\apowell\documents\umbraco\codeplex\umbraco\branches\try-umbraco-linq\trunk\src\umbraco.linq\core.tests\bin\debug\umbraco.linq.core.tests.dll" id="10f8928a-4eaf-bc49-c986-ee3a68a882e5">
      <Css projectStructure="" iteration="" />
      <Owners>
        <Owner name="" />
      </Owners>
      <DeploymentItems>
        <DeploymentItem filename="umbraco.config" />
      </DeploymentItems>
      <Execution id="87c9f3c0-28b2-4986-8913-fa6a56c45f27" />
      <TestMethod codeBase="C:\Users\apowell\Documents\Umbraco\Codeplex\umbraco\branches\try-umbraco-linq\trunk\src\Umbraco.Linq\Core.Tests\bin\Debug\Umbraco.Linq.Core.Tests.dll" adapterTypeName="Microsoft.VisualStudio.TestTools.TestTypes.Unit.UnitTestAdapter, Microsoft.VisualStudio.QualityTools.Tips.UnitTest.Adapter, Version=9.0.0.0, Culture=neutral, PublicKeyToken=b03f5f7f11d50a3a" className="Umbraco.Linq.Core.Tests.AncestorTest, Umbraco.Linq.Core.Tests" name="AncestorTest_Where_Exists" />
    </UnitTest>
    <UnitTest name="DocTypeMarkupLanguageBuilderTest_SingleDocType" storage="c:\users\apowell\documents\umbraco\codeplex\umbraco\branches\try-umbraco-linq\trunk\src\umbraco.linq\dtmetal.engine.tests\bin\debug\umbraco.linq.dtmetal.engine.tests.dll" id="0c43ec12-1283-61a0-e824-7b9054b8a55d">
      <Css projectStructure="" iteration="" />
      <Owners>
        <Owner name="" />
      </Owners>
      <Execution id="a03480af-95b2-45b4-94d0-8e7ccd3c6f60" />
      <TestMethod codeBase="C:\Users\apowell\Documents\Umbraco\Codeplex\umbraco\branches\try-umbraco-linq\trunk\src\Umbraco.Linq\DTMetal.Engine.Tests\bin\Debug\Umbraco.Linq.DTMetal.Engine.Tests.dll" adapterTypeName="Microsoft.VisualStudio.TestTools.TestTypes.Unit.UnitTestAdapter, Microsoft.VisualStudio.QualityTools.Tips.UnitTest.Adapter, Version=9.0.0.0, Culture=neutral, PublicKeyToken=b03f5f7f11d50a3a" className="Umbraco.Linq.DTMetal.Engine.Tests.DocTypeMarkupLanguageBuilderTests, Umbraco.Linq.DTMetal.Engine.Tests" name="DocTypeMarkupLanguageBuilderTest_SingleDocType" />
    </UnitTest>
    <UnitTest name="LoadDocTypesTest_DatePropertyMapping" storage="c:\users\apowell\documents\umbraco\codeplex\umbraco\branches\try-umbraco-linq\trunk\src\umbraco.linq\dtmetal.engine.tests\bin\debug\umbraco.linq.dtmetal.engine.tests.dll" id="9eb4e647-bd76-32ac-4e1e-54cb1c232f3f">
      <Css projectStructure="" iteration="" />
      <Owners>
        <Owner name="" />
      </Owners>
      <Execution id="8c3d8416-84b3-4e71-a8f6-41f22023d188" />
      <TestMethod codeBase="C:\Users\apowell\Documents\Umbraco\Codeplex\umbraco\branches\try-umbraco-linq\trunk\src\Umbraco.Linq\DTMetal.Engine.Tests\bin\Debug\Umbraco.Linq.DTMetal.Engine.Tests.dll" adapterTypeName="Microsoft.VisualStudio.TestTools.TestTypes.Unit.UnitTestAdapter, Microsoft.VisualStudio.QualityTools.Tips.UnitTest.Adapter, Version=9.0.0.0, Culture=neutral, PublicKeyToken=b03f5f7f11d50a3a" className="Umbraco.Linq.DTMetal.Engine.Tests.DocTypeObjectBuilderTest, Umbraco.Linq.DTMetal.Engine.Tests" name="LoadDocTypesTest_DatePropertyMapping" />
    </UnitTest>
    <UnitTest name="SelectTest_Anonymous_Lambda" storage="c:\users\apowell\documents\umbraco\codeplex\umbraco\branches\try-umbraco-linq\trunk\src\umbraco.linq\core.tests\bin\debug\umbraco.linq.core.tests.dll" id="8e09ad75-2b62-0141-2d3d-e81f5a81bc23">
      <Css projectStructure="" iteration="" />
      <Owners>
        <Owner name="" />
      </Owners>
      <DeploymentItems>
        <DeploymentItem filename="umbraco.config" />
      </DeploymentItems>
      <Execution id="684ea2a4-4c6c-4408-adee-150776d1b466" />
      <TestMethod codeBase="C:\Users\apowell\Documents\Umbraco\Codeplex\umbraco\branches\try-umbraco-linq\trunk\src\Umbraco.Linq\Core.Tests\bin\Debug\Umbraco.Linq.Core.Tests.dll" adapterTypeName="Microsoft.VisualStudio.TestTools.TestTypes.Unit.UnitTestAdapter, Microsoft.VisualStudio.QualityTools.Tips.UnitTest.Adapter, Version=9.0.0.0, Culture=neutral, PublicKeyToken=b03f5f7f11d50a3a" className="Umbraco.Linq.Core.Tests.SelectTest, Umbraco.Linq.Core.Tests" name="SelectTest_Anonymous_Lambda" />
    </UnitTest>
    <UnitTest name="LoadDocTypesTest_ParentNotExists" storage="c:\users\apowell\documents\umbraco\codeplex\umbraco\branches\try-umbraco-linq\trunk\src\umbraco.linq\dtmetal.engine.tests\bin\debug\umbraco.linq.dtmetal.engine.tests.dll" id="02a8eb43-b50a-cbb7-482e-9ae25e9cd387">
      <Css projectStructure="" iteration="" />
      <Owners>
        <Owner name="" />
      </Owners>
      <Execution id="ca2ba35a-98a6-4ddb-be70-174dd3840f5b" />
      <TestMethod codeBase="C:\Users\apowell\Documents\Umbraco\Codeplex\umbraco\branches\try-umbraco-linq\trunk\src\Umbraco.Linq\DTMetal.Engine.Tests\bin\Debug\Umbraco.Linq.DTMetal.Engine.Tests.dll" adapterTypeName="Microsoft.VisualStudio.TestTools.TestTypes.Unit.UnitTestAdapter, Microsoft.VisualStudio.QualityTools.Tips.UnitTest.Adapter, Version=9.0.0.0, Culture=neutral, PublicKeyToken=b03f5f7f11d50a3a" className="Umbraco.Linq.DTMetal.Engine.Tests.DocTypeObjectBuilderTest, Umbraco.Linq.DTMetal.Engine.Tests" name="LoadDocTypesTest_ParentNotExists" />
    </UnitTest>
    <UnitTest name="ChildTest_AllChildren" storage="c:\users\apowell\documents\umbraco\codeplex\umbraco\branches\try-umbraco-linq\trunk\src\umbraco.linq\core.tests\bin\debug\umbraco.linq.core.tests.dll" id="a1765099-5967-3d5d-28cb-6b311516f9f0">
      <Css projectStructure="" iteration="" />
      <Owners>
        <Owner name="" />
      </Owners>
      <DeploymentItems>
        <DeploymentItem filename="umbraco.config" />
      </DeploymentItems>
      <Execution id="9b7ec936-c0a4-4fa9-8923-551f4169f194" />
      <TestMethod codeBase="C:\Users\apowell\Documents\Umbraco\Codeplex\umbraco\branches\try-umbraco-linq\trunk\src\Umbraco.Linq\Core.Tests\bin\Debug\Umbraco.Linq.Core.Tests.dll" adapterTypeName="Microsoft.VisualStudio.TestTools.TestTypes.Unit.UnitTestAdapter, Microsoft.VisualStudio.QualityTools.Tips.UnitTest.Adapter, Version=9.0.0.0, Culture=neutral, PublicKeyToken=b03f5f7f11d50a3a" className="Umbraco.Linq.Core.Tests.ChildTest, Umbraco.Linq.Core.Tests" name="ChildTest_AllChildren" />
    </UnitTest>
    <UnitTest name="OrderingTest_Date" storage="c:\users\apowell\documents\umbraco\codeplex\umbraco\branches\try-umbraco-linq\trunk\src\umbraco.linq\core.tests\bin\debug\umbraco.linq.core.tests.dll" id="b070efe5-440f-ca93-89ce-f34f085e7f2a">
      <Css projectStructure="" iteration="" />
      <Owners>
        <Owner name="" />
      </Owners>
      <DeploymentItems>
        <DeploymentItem filename="umbraco.config" />
      </DeploymentItems>
      <Execution id="32273915-752e-49d3-a7fd-6148d4220182" />
      <TestMethod codeBase="C:\Users\apowell\Documents\Umbraco\Codeplex\umbraco\branches\try-umbraco-linq\trunk\src\Umbraco.Linq\Core.Tests\bin\Debug\Umbraco.Linq.Core.Tests.dll" adapterTypeName="Microsoft.VisualStudio.TestTools.TestTypes.Unit.UnitTestAdapter, Microsoft.VisualStudio.QualityTools.Tips.UnitTest.Adapter, Version=9.0.0.0, Culture=neutral, PublicKeyToken=b03f5f7f11d50a3a" className="Umbraco.Linq.Core.Tests.OrderingTest, Umbraco.Linq.Core.Tests" name="OrderingTest_Date" />
    </UnitTest>
    <UnitTest name="LoadDocTypesTest_RecursiveParent" storage="c:\users\apowell\documents\umbraco\codeplex\umbraco\branches\try-umbraco-linq\trunk\src\umbraco.linq\dtmetal.engine.tests\bin\debug\umbraco.linq.dtmetal.engine.tests.dll" id="178af685-247e-c895-6887-f9d7a4340a78">
      <Css projectStructure="" iteration="" />
      <Owners>
        <Owner name="" />
      </Owners>
      <Execution id="6d250367-f95c-441a-bb86-b3999352b311" />
      <TestMethod codeBase="C:\Users\apowell\Documents\Umbraco\Codeplex\umbraco\branches\try-umbraco-linq\trunk\src\Umbraco.Linq\DTMetal.Engine.Tests\bin\Debug\Umbraco.Linq.DTMetal.Engine.Tests.dll" adapterTypeName="Microsoft.VisualStudio.TestTools.TestTypes.Unit.UnitTestAdapter, Microsoft.VisualStudio.QualityTools.Tips.UnitTest.Adapter, Version=9.0.0.0, Culture=neutral, PublicKeyToken=b03f5f7f11d50a3a" className="Umbraco.Linq.DTMetal.Engine.Tests.DocTypeObjectBuilderTest, Umbraco.Linq.DTMetal.Engine.Tests" name="LoadDocTypesTest_RecursiveParent" />
    </UnitTest>
    <UnitTest name="LoadDocTypesTest_DbCalled" storage="c:\users\apowell\documents\umbraco\codeplex\umbraco\branches\try-umbraco-linq\trunk\src\umbraco.linq\dtmetal.engine.tests\bin\debug\umbraco.linq.dtmetal.engine.tests.dll" id="4ee7a751-a3c1-593f-42e2-b88d348c4312">
      <Css projectStructure="" iteration="" />
      <Owners>
        <Owner name="" />
      </Owners>
      <Execution id="7bfb561c-ff4d-41e8-bc43-2a52a355c57e" />
      <TestMethod codeBase="C:\Users\apowell\Documents\Umbraco\Codeplex\umbraco\branches\try-umbraco-linq\trunk\src\Umbraco.Linq\DTMetal.Engine.Tests\bin\Debug\Umbraco.Linq.DTMetal.Engine.Tests.dll" adapterTypeName="Microsoft.VisualStudio.TestTools.TestTypes.Unit.UnitTestAdapter, Microsoft.VisualStudio.QualityTools.Tips.UnitTest.Adapter, Version=9.0.0.0, Culture=neutral, PublicKeyToken=b03f5f7f11d50a3a" className="Umbraco.Linq.DTMetal.Engine.Tests.DocTypeObjectBuilderTest, Umbraco.Linq.DTMetal.Engine.Tests" name="LoadDocTypesTest_DbCalled" />
    </UnitTest>
    <UnitTest name="ParentTest_InvalidParentType" storage="c:\users\apowell\documents\umbraco\codeplex\umbraco\branches\try-umbraco-linq\trunk\src\umbraco.linq\core.tests\bin\debug\umbraco.linq.core.tests.dll" id="8dd25f01-d918-7dc6-ce8c-b1b33d36dc43">
      <Css projectStructure="" iteration="" />
      <Owners>
        <Owner name="" />
      </Owners>
      <DeploymentItems>
        <DeploymentItem filename="umbraco.config" />
      </DeploymentItems>
      <Execution id="623b986b-d65c-45e5-8d8d-005d5371e34a" />
      <TestMethod codeBase="C:\Users\apowell\Documents\Umbraco\Codeplex\umbraco\branches\try-umbraco-linq\trunk\src\Umbraco.Linq\Core.Tests\bin\Debug\Umbraco.Linq.Core.Tests.dll" adapterTypeName="Microsoft.VisualStudio.TestTools.TestTypes.Unit.UnitTestAdapter, Microsoft.VisualStudio.QualityTools.Tips.UnitTest.Adapter, Version=9.0.0.0, Culture=neutral, PublicKeyToken=b03f5f7f11d50a3a" className="Umbraco.Linq.Core.Tests.ParentTest, Umbraco.Linq.Core.Tests" name="ParentTest_InvalidParentType" />
    </UnitTest>
    <UnitTest name="DocTypeMarkupLanguageBuilderTest_DocTypeWithProperties" storage="c:\users\apowell\documents\umbraco\codeplex\umbraco\branches\try-umbraco-linq\trunk\src\umbraco.linq\dtmetal.engine.tests\bin\debug\umbraco.linq.dtmetal.engine.tests.dll" id="65e9fc0c-d7ca-b05d-8fec-116fba66bf8b">
      <Css projectStructure="" iteration="" />
      <Owners>
        <Owner name="" />
      </Owners>
      <Execution id="5f86711d-d64e-4de4-9604-d72f5034a1ef" />
      <TestMethod codeBase="C:\Users\apowell\Documents\Umbraco\Codeplex\umbraco\branches\try-umbraco-linq\trunk\src\Umbraco.Linq\DTMetal.Engine.Tests\bin\Debug\Umbraco.Linq.DTMetal.Engine.Tests.dll" adapterTypeName="Microsoft.VisualStudio.TestTools.TestTypes.Unit.UnitTestAdapter, Microsoft.VisualStudio.QualityTools.Tips.UnitTest.Adapter, Version=9.0.0.0, Culture=neutral, PublicKeyToken=b03f5f7f11d50a3a" className="Umbraco.Linq.DTMetal.Engine.Tests.DocTypeMarkupLanguageBuilderTests, Umbraco.Linq.DTMetal.Engine.Tests" name="DocTypeMarkupLanguageBuilderTest_DocTypeWithProperties" />
    </UnitTest>
    <UnitTest name="DataContextMockTest_MockProviderThrowsException" storage="c:\users\apowell\documents\umbraco\codeplex\umbraco\branches\try-umbraco-linq\trunk\src\umbraco.linq\core.mockable.tests\bin\debug\umbraco.linqcore.mockable.tests.dll" id="9d2dff2d-9d91-be84-3675-d0b2e1f79abf">
      <Css projectStructure="" iteration="" />
      <Owners>
        <Owner name="" />
      </Owners>
      <Execution id="482b4394-d3b0-4480-8975-a383bbf077dd" />
      <TestMethod codeBase="C:\Users\apowell\Documents\Umbraco\Codeplex\umbraco\branches\try-umbraco-linq\trunk\src\Umbraco.Linq\Core.Mockable.Tests\bin\Debug\Umbraco.LinqCore.Mockable.Tests.dll" adapterTypeName="Microsoft.VisualStudio.TestTools.TestTypes.Unit.UnitTestAdapter, Microsoft.VisualStudio.QualityTools.Tips.UnitTest.Adapter, Version=9.0.0.0, Culture=neutral, PublicKeyToken=b03f5f7f11d50a3a" className="Umbraco.LinqCore.Mockable.Tests.DataContextMockTest, Umbraco.LinqCore.Mockable.Tests" name="DataContextMockTest_MockProviderThrowsException" />
    </UnitTest>
    <UnitTest name="ParentTest_ParentCreated" storage="c:\users\apowell\documents\umbraco\codeplex\umbraco\branches\try-umbraco-linq\trunk\src\umbraco.linq\core.tests\bin\debug\umbraco.linq.core.tests.dll" id="11b0a7b6-a4d6-132c-ed32-2474a5d2fb99">
      <Css projectStructure="" iteration="" />
      <Owners>
        <Owner name="" />
      </Owners>
      <DeploymentItems>
        <DeploymentItem filename="umbraco.config" />
      </DeploymentItems>
      <Execution id="0a7326b2-b25d-45e8-b353-d8e6008cb826" />
      <TestMethod codeBase="C:\Users\apowell\Documents\Umbraco\Codeplex\umbraco\branches\try-umbraco-linq\trunk\src\Umbraco.Linq\Core.Tests\bin\Debug\Umbraco.Linq.Core.Tests.dll" adapterTypeName="Microsoft.VisualStudio.TestTools.TestTypes.Unit.UnitTestAdapter, Microsoft.VisualStudio.QualityTools.Tips.UnitTest.Adapter, Version=9.0.0.0, Culture=neutral, PublicKeyToken=b03f5f7f11d50a3a" className="Umbraco.Linq.Core.Tests.ParentTest, Umbraco.Linq.Core.Tests" name="ParentTest_ParentCreated" />
    </UnitTest>
    <UnitTest name="LoadDocTypesTest_ObjectPropertyMapping" storage="c:\users\apowell\documents\umbraco\codeplex\umbraco\branches\try-umbraco-linq\trunk\src\umbraco.linq\dtmetal.engine.tests\bin\debug\umbraco.linq.dtmetal.engine.tests.dll" id="63ffcffd-7921-c941-fcfc-0b281b455f69">
      <Css projectStructure="" iteration="" />
      <Owners>
        <Owner name="" />
      </Owners>
      <Execution id="8dc2bc90-4803-464c-83b3-eec82a34ef2d" />
      <TestMethod codeBase="C:\Users\apowell\Documents\Umbraco\Codeplex\umbraco\branches\try-umbraco-linq\trunk\src\Umbraco.Linq\DTMetal.Engine.Tests\bin\Debug\Umbraco.Linq.DTMetal.Engine.Tests.dll" adapterTypeName="Microsoft.VisualStudio.TestTools.TestTypes.Unit.UnitTestAdapter, Microsoft.VisualStudio.QualityTools.Tips.UnitTest.Adapter, Version=9.0.0.0, Culture=neutral, PublicKeyToken=b03f5f7f11d50a3a" className="Umbraco.Linq.DTMetal.Engine.Tests.DocTypeObjectBuilderTest, Umbraco.Linq.DTMetal.Engine.Tests" name="LoadDocTypesTest_ObjectPropertyMapping" />
    </UnitTest>
    <UnitTest name="WhereTest_SingleParameter_Query" storage="c:\users\apowell\documents\umbraco\codeplex\umbraco\branches\try-umbraco-linq\trunk\src\umbraco.linq\core.tests\bin\debug\umbraco.linq.core.tests.dll" id="9b98b905-3265-2820-3e31-86f8f9a14527">
      <Css projectStructure="" iteration="" />
      <Owners>
        <Owner name="" />
      </Owners>
      <DeploymentItems>
        <DeploymentItem filename="umbraco.config" />
      </DeploymentItems>
      <Execution id="d4f472ee-a476-4e46-a9ea-24a371736f9b" />
      <TestMethod codeBase="C:\Users\apowell\Documents\Umbraco\Codeplex\umbraco\branches\try-umbraco-linq\trunk\src\Umbraco.Linq\Core.Tests\bin\Debug\Umbraco.Linq.Core.Tests.dll" adapterTypeName="Microsoft.VisualStudio.TestTools.TestTypes.Unit.UnitTestAdapter, Microsoft.VisualStudio.QualityTools.Tips.UnitTest.Adapter, Version=9.0.0.0, Culture=neutral, PublicKeyToken=b03f5f7f11d50a3a" className="Umbraco.Linq.Core.Tests.WhereTest, Umbraco.Linq.Core.Tests" name="WhereTest_SingleParameter_Query" />
    </UnitTest>
    <UnitTest name="DataContextTest_NodeCached" storage="c:\users\apowell\documents\umbraco\codeplex\umbraco\branches\try-umbraco-linq\trunk\src\umbraco.linq\core.tests\bin\debug\umbraco.linq.core.tests.dll" id="a5443429-b086-09f5-b582-b162a4e9422d">
      <Css projectStructure="" iteration="" />
      <Owners>
        <Owner name="" />
      </Owners>
      <DeploymentItems>
        <DeploymentItem filename="umbraco.config" />
      </DeploymentItems>
      <Execution id="bbf877d0-23ab-4030-b9fa-2f2dd8a0b25a" />
      <TestMethod codeBase="C:\Users\apowell\Documents\Umbraco\Codeplex\umbraco\branches\try-umbraco-linq\trunk\src\Umbraco.Linq\Core.Tests\bin\Debug\Umbraco.Linq.Core.Tests.dll" adapterTypeName="Microsoft.VisualStudio.TestTools.TestTypes.Unit.UnitTestAdapter, Microsoft.VisualStudio.QualityTools.Tips.UnitTest.Adapter, Version=9.0.0.0, Culture=neutral, PublicKeyToken=b03f5f7f11d50a3a" className="Umbraco.Linq.Core.Tests.DataContextTest, Umbraco.Linq.Core.Tests" name="DataContextTest_NodeCached" />
    </UnitTest>
    <UnitTest name="WhereTest_ToAnonymous" storage="c:\users\apowell\documents\umbraco\codeplex\umbraco\branches\try-umbraco-linq\trunk\src\umbraco.linq\core.tests\bin\debug\umbraco.linq.core.tests.dll" id="b5c94734-a80d-c253-7d3f-eb343818468d">
      <Css projectStructure="" iteration="" />
      <Owners>
        <Owner name="" />
      </Owners>
      <DeploymentItems>
        <DeploymentItem filename="umbraco.config" />
      </DeploymentItems>
      <Execution id="22be049e-b39f-467a-8cd2-36535b9f69ca" />
      <TestMethod codeBase="C:\Users\apowell\Documents\Umbraco\Codeplex\umbraco\branches\try-umbraco-linq\trunk\src\Umbraco.Linq\Core.Tests\bin\Debug\Umbraco.Linq.Core.Tests.dll" adapterTypeName="Microsoft.VisualStudio.TestTools.TestTypes.Unit.UnitTestAdapter, Microsoft.VisualStudio.QualityTools.Tips.UnitTest.Adapter, Version=9.0.0.0, Culture=neutral, PublicKeyToken=b03f5f7f11d50a3a" className="Umbraco.Linq.Core.Tests.WhereTest, Umbraco.Linq.Core.Tests" name="WhereTest_ToAnonymous" />
    </UnitTest>
    <UnitTest name="ChildTest_ChildToParent" storage="c:\users\apowell\documents\umbraco\codeplex\umbraco\branches\try-umbraco-linq\trunk\src\umbraco.linq\core.tests\bin\debug\umbraco.linq.core.tests.dll" id="4fa4e36f-845f-ef39-5348-03808739c691">
      <Css projectStructure="" iteration="" />
      <Owners>
        <Owner name="" />
      </Owners>
      <DeploymentItems>
        <DeploymentItem filename="umbraco.config" />
      </DeploymentItems>
      <Execution id="f0978182-5752-440d-a5fa-50f5e628ceea" />
      <TestMethod codeBase="C:\Users\apowell\Documents\Umbraco\Codeplex\umbraco\branches\try-umbraco-linq\trunk\src\Umbraco.Linq\Core.Tests\bin\Debug\Umbraco.Linq.Core.Tests.dll" adapterTypeName="Microsoft.VisualStudio.TestTools.TestTypes.Unit.UnitTestAdapter, Microsoft.VisualStudio.QualityTools.Tips.UnitTest.Adapter, Version=9.0.0.0, Culture=neutral, PublicKeyToken=b03f5f7f11d50a3a" className="Umbraco.Linq.Core.Tests.ChildTest, Umbraco.Linq.Core.Tests" name="ChildTest_ChildToParent" />
    </UnitTest>
    <UnitTest name="ParentTest_ParentIdExists" storage="c:\users\apowell\documents\umbraco\codeplex\umbraco\branches\try-umbraco-linq\trunk\src\umbraco.linq\core.tests\bin\debug\umbraco.linq.core.tests.dll" id="e361a18a-d3c0-cd72-1bbf-a76bf74f2686">
      <Css projectStructure="" iteration="" />
      <Owners>
        <Owner name="" />
      </Owners>
      <DeploymentItems>
        <DeploymentItem filename="umbraco.config" />
      </DeploymentItems>
      <Execution id="f7e5624f-ed56-4296-aac9-149ce426801f" />
      <TestMethod codeBase="C:\Users\apowell\Documents\Umbraco\Codeplex\umbraco\branches\try-umbraco-linq\trunk\src\Umbraco.Linq\Core.Tests\bin\Debug\Umbraco.Linq.Core.Tests.dll" adapterTypeName="Microsoft.VisualStudio.TestTools.TestTypes.Unit.UnitTestAdapter, Microsoft.VisualStudio.QualityTools.Tips.UnitTest.Adapter, Version=9.0.0.0, Culture=neutral, PublicKeyToken=b03f5f7f11d50a3a" className="Umbraco.Linq.Core.Tests.ParentTest, Umbraco.Linq.Core.Tests" name="ParentTest_ParentIdExists" />
    </UnitTest>
    <UnitTest name="InheritanceTest_ImplementsBaseClass" storage="c:\users\apowell\documents\umbraco\codeplex\umbraco\branches\try-umbraco-linq\trunk\src\umbraco.linq\core.tests\bin\debug\umbraco.linq.core.tests.dll" id="e6357dbf-df8a-0dc0-fcf5-b918673ef83e">
      <Css projectStructure="" iteration="" />
      <Owners>
        <Owner name="" />
      </Owners>
      <DeploymentItems>
        <DeploymentItem filename="umbraco.config" />
      </DeploymentItems>
      <Execution id="2755142f-0ec8-4e43-9624-506574f51acb" />
      <TestMethod codeBase="C:\Users\apowell\Documents\Umbraco\Codeplex\umbraco\branches\try-umbraco-linq\trunk\src\Umbraco.Linq\Core.Tests\bin\Debug\Umbraco.Linq.Core.Tests.dll" adapterTypeName="Microsoft.VisualStudio.TestTools.TestTypes.Unit.UnitTestAdapter, Microsoft.VisualStudio.QualityTools.Tips.UnitTest.Adapter, Version=9.0.0.0, Culture=neutral, PublicKeyToken=b03f5f7f11d50a3a" className="Umbraco.Linq.Core.Tests.InheritanceTest, Umbraco.Linq.Core.Tests" name="InheritanceTest_ImplementsBaseClass" />
    </UnitTest>
    <UnitTest name="DataContextTest_ConstructFromExistingProvider" storage="c:\users\apowell\documents\umbraco\codeplex\umbraco\branches\try-umbraco-linq\trunk\src\umbraco.linq\core.tests\bin\debug\umbraco.linq.core.tests.dll" id="de4cf7d2-bcc2-a09e-bbe3-a2d43cfb69a7">
      <Css projectStructure="" iteration="" />
      <Owners>
        <Owner name="" />
      </Owners>
      <DeploymentItems>
        <DeploymentItem filename="umbraco.config" />
      </DeploymentItems>
      <Execution id="6a5747bd-af7b-473a-8b20-63d104421bab" />
      <TestMethod codeBase="C:\Users\apowell\Documents\Umbraco\Codeplex\umbraco\branches\try-umbraco-linq\trunk\src\Umbraco.Linq\Core.Tests\bin\Debug\Umbraco.Linq.Core.Tests.dll" adapterTypeName="Microsoft.VisualStudio.TestTools.TestTypes.Unit.UnitTestAdapter, Microsoft.VisualStudio.QualityTools.Tips.UnitTest.Adapter, Version=9.0.0.0, Culture=neutral, PublicKeyToken=b03f5f7f11d50a3a" className="Umbraco.Linq.Core.Tests.DataContextTest, Umbraco.Linq.Core.Tests" name="DataContextTest_ConstructFromExistingProvider" />
    </UnitTest>
    <UnitTest name="DataContextTest_FullCache" storage="c:\users\apowell\documents\umbraco\codeplex\umbraco\branches\try-umbraco-linq\trunk\src\umbraco.linq\core.tests\bin\debug\umbraco.linq.core.tests.dll" id="f7f33a5b-e244-4ef1-22b1-983d0133f13b">
      <Css projectStructure="" iteration="" />
      <Owners>
        <Owner name="" />
      </Owners>
      <DeploymentItems>
        <DeploymentItem filename="umbraco.config" />
      </DeploymentItems>
      <Execution id="85d58212-c5df-450c-8bd9-88128b73c9c6" />
      <TestMethod codeBase="C:\Users\apowell\Documents\Umbraco\Codeplex\umbraco\branches\try-umbraco-linq\trunk\src\Umbraco.Linq\Core.Tests\bin\Debug\Umbraco.Linq.Core.Tests.dll" adapterTypeName="Microsoft.VisualStudio.TestTools.TestTypes.Unit.UnitTestAdapter, Microsoft.VisualStudio.QualityTools.Tips.UnitTest.Adapter, Version=9.0.0.0, Culture=neutral, PublicKeyToken=b03f5f7f11d50a3a" className="Umbraco.Linq.Core.Tests.DataContextTest, Umbraco.Linq.Core.Tests" name="DataContextTest_FullCache" />
    </UnitTest>
    <UnitTest name="LoadDocTypesTest_GenerateAssociations" storage="c:\users\apowell\documents\umbraco\codeplex\umbraco\branches\try-umbraco-linq\trunk\src\umbraco.linq\dtmetal.engine.tests\bin\debug\umbraco.linq.dtmetal.engine.tests.dll" id="9cd396fc-186e-6b64-2457-9d913fb7a137">
      <Css projectStructure="" iteration="" />
      <Owners>
        <Owner name="" />
      </Owners>
      <Execution id="7e59b110-19b4-4642-b8ed-62ca0567fb12" />
      <TestMethod codeBase="C:\Users\apowell\Documents\Umbraco\Codeplex\umbraco\branches\try-umbraco-linq\trunk\src\Umbraco.Linq\DTMetal.Engine.Tests\bin\Debug\Umbraco.Linq.DTMetal.Engine.Tests.dll" adapterTypeName="Microsoft.VisualStudio.TestTools.TestTypes.Unit.UnitTestAdapter, Microsoft.VisualStudio.QualityTools.Tips.UnitTest.Adapter, Version=9.0.0.0, Culture=neutral, PublicKeyToken=b03f5f7f11d50a3a" className="Umbraco.Linq.DTMetal.Engine.Tests.DocTypeObjectBuilderTest, Umbraco.Linq.DTMetal.Engine.Tests" name="LoadDocTypesTest_GenerateAssociations" />
    </UnitTest>
    <UnitTest name="DataContextTest_FileNameRequired" storage="c:\users\apowell\documents\umbraco\codeplex\umbraco\branches\try-umbraco-linq\trunk\src\umbraco.linq\core.tests\bin\debug\umbraco.linq.core.tests.dll" id="f65b627a-c4d0-aab7-a719-6ec1f011ae2b">
      <Css projectStructure="" iteration="" />
      <Owners>
        <Owner name="" />
      </Owners>
      <DeploymentItems>
        <DeploymentItem filename="umbraco.config" />
      </DeploymentItems>
      <Execution id="38b7c6d3-8ca8-484a-b5ae-54ec50925467" />
      <TestMethod codeBase="C:\Users\apowell\Documents\Umbraco\Codeplex\umbraco\branches\try-umbraco-linq\trunk\src\Umbraco.Linq\Core.Tests\bin\Debug\Umbraco.Linq.Core.Tests.dll" adapterTypeName="Microsoft.VisualStudio.TestTools.TestTypes.Unit.UnitTestAdapter, Microsoft.VisualStudio.QualityTools.Tips.UnitTest.Adapter, Version=9.0.0.0, Culture=neutral, PublicKeyToken=b03f5f7f11d50a3a" className="Umbraco.Linq.Core.Tests.DataContextTest, Umbraco.Linq.Core.Tests" name="DataContextTest_FileNameRequired" />
    </UnitTest>
    <UnitTest name="DataContextTest_EnsureSchemaValidation" storage="c:\users\apowell\documents\umbraco\codeplex\umbraco\branches\try-umbraco-linq\trunk\src\umbraco.linq\core.tests\bin\debug\umbraco.linq.core.tests.dll" id="6a742c79-bb04-8c53-8f18-a5344e6d605f">
      <Css projectStructure="" iteration="" />
      <Owners>
        <Owner name="" />
      </Owners>
      <DeploymentItems>
        <DeploymentItem filename="umbraco.config" />
      </DeploymentItems>
      <Execution id="354179b7-2012-4ebf-baac-6fd5388542e8" />
      <TestMethod codeBase="C:\Users\apowell\Documents\Umbraco\Codeplex\umbraco\branches\try-umbraco-linq\trunk\src\Umbraco.Linq\Core.Tests\bin\Debug\Umbraco.Linq.Core.Tests.dll" adapterTypeName="Microsoft.VisualStudio.TestTools.TestTypes.Unit.UnitTestAdapter, Microsoft.VisualStudio.QualityTools.Tips.UnitTest.Adapter, Version=9.0.0.0, Culture=neutral, PublicKeyToken=b03f5f7f11d50a3a" className="Umbraco.Linq.Core.Tests.DataContextTest, Umbraco.Linq.Core.Tests" name="DataContextTest_EnsureSchemaValidation" />
    </UnitTest>
    <UnitTest name="AncestorTest_NoWhereCondition_Exists" storage="c:\users\apowell\documents\umbraco\codeplex\umbraco\branches\try-umbraco-linq\trunk\src\umbraco.linq\core.tests\bin\debug\umbraco.linq.core.tests.dll" id="6640a4d2-4590-eb79-4b6a-1f26ac4ec6b0">
      <Css projectStructure="" iteration="" />
      <Owners>
        <Owner name="" />
      </Owners>
      <DeploymentItems>
        <DeploymentItem filename="umbraco.config" />
      </DeploymentItems>
      <Execution id="2d5bf9b8-d5b7-449d-966b-cb498da504b3" />
      <TestMethod codeBase="C:\Users\apowell\Documents\Umbraco\Codeplex\umbraco\branches\try-umbraco-linq\trunk\src\Umbraco.Linq\Core.Tests\bin\Debug\Umbraco.Linq.Core.Tests.dll" adapterTypeName="Microsoft.VisualStudio.TestTools.TestTypes.Unit.UnitTestAdapter, Microsoft.VisualStudio.QualityTools.Tips.UnitTest.Adapter, Version=9.0.0.0, Culture=neutral, PublicKeyToken=b03f5f7f11d50a3a" className="Umbraco.Linq.Core.Tests.AncestorTest, Umbraco.Linq.Core.Tests" name="AncestorTest_NoWhereCondition_Exists" />
    </UnitTest>
    <UnitTest name="LoadDocTypesTest_CreateDocType" storage="c:\users\apowell\documents\umbraco\codeplex\umbraco\branches\try-umbraco-linq\trunk\src\umbraco.linq\dtmetal.engine.tests\bin\debug\umbraco.linq.dtmetal.engine.tests.dll" id="239d3ed3-42a7-cf20-d34a-12ca57d30f3d">
      <Css projectStructure="" iteration="" />
      <Owners>
        <Owner name="" />
      </Owners>
      <Execution id="391336ac-41d7-4122-a12f-dff7e40b399d" />
      <TestMethod codeBase="C:\Users\apowell\Documents\Umbraco\Codeplex\umbraco\branches\try-umbraco-linq\trunk\src\Umbraco.Linq\DTMetal.Engine.Tests\bin\Debug\Umbraco.Linq.DTMetal.Engine.Tests.dll" adapterTypeName="Microsoft.VisualStudio.TestTools.TestTypes.Unit.UnitTestAdapter, Microsoft.VisualStudio.QualityTools.Tips.UnitTest.Adapter, Version=9.0.0.0, Culture=neutral, PublicKeyToken=b03f5f7f11d50a3a" className="Umbraco.Linq.DTMetal.Engine.Tests.DocTypeObjectBuilderTest, Umbraco.Linq.DTMetal.Engine.Tests" name="LoadDocTypesTest_CreateDocType" />
    </UnitTest>
  </TestDefinitions>
  <TestLists>
    <TestList name="Results Not in a List" id="8c84fa94-04c1-424b-9868-57a2d4851a1d" />
    <TestList name="All Loaded Results" id="19431567-8539-422a-85d7-44ee4e166bda" />
  </TestLists>
  <TestEntries>
    <TestEntry testId="02a8eb43-b50a-cbb7-482e-9ae25e9cd387" executionId="ca2ba35a-98a6-4ddb-be70-174dd3840f5b" testListId="8c84fa94-04c1-424b-9868-57a2d4851a1d" />
    <TestEntry testId="0c43ec12-1283-61a0-e824-7b9054b8a55d" executionId="a03480af-95b2-45b4-94d0-8e7ccd3c6f60" testListId="8c84fa94-04c1-424b-9868-57a2d4851a1d" />
    <TestEntry testId="10f8928a-4eaf-bc49-c986-ee3a68a882e5" executionId="87c9f3c0-28b2-4986-8913-fa6a56c45f27" testListId="8c84fa94-04c1-424b-9868-57a2d4851a1d" />
    <TestEntry testId="11b0a7b6-a4d6-132c-ed32-2474a5d2fb99" executionId="0a7326b2-b25d-45e8-b353-d8e6008cb826" testListId="8c84fa94-04c1-424b-9868-57a2d4851a1d" />
    <TestEntry testId="16a970cb-efea-aa31-bd1b-d6c374ee4ad0" executionId="2fe3333c-4106-442f-b105-9f7a926b8673" testListId="8c84fa94-04c1-424b-9868-57a2d4851a1d" />
    <TestEntry testId="178af685-247e-c895-6887-f9d7a4340a78" executionId="6d250367-f95c-441a-bb86-b3999352b311" testListId="8c84fa94-04c1-424b-9868-57a2d4851a1d" />
    <TestEntry testId="17d6977f-47ab-45fc-6ab3-9e8a0a500aa9" executionId="0858cf03-320f-441d-b940-6afe0fc96d8e" testListId="8c84fa94-04c1-424b-9868-57a2d4851a1d" />
    <TestEntry testId="239d3ed3-42a7-cf20-d34a-12ca57d30f3d" executionId="391336ac-41d7-4122-a12f-dff7e40b399d" testListId="8c84fa94-04c1-424b-9868-57a2d4851a1d" />
    <TestEntry testId="4088973a-35e2-989f-7be9-a1a71c39ac7d" executionId="26501497-5cad-425f-8040-b084be37c0c2" testListId="8c84fa94-04c1-424b-9868-57a2d4851a1d" />
    <TestEntry testId="491b6b08-f0fc-3140-95b6-30c4c00307c2" executionId="67658504-2646-4c55-a34b-7b3b35fd22ac" testListId="8c84fa94-04c1-424b-9868-57a2d4851a1d" />
    <TestEntry testId="4ee7a751-a3c1-593f-42e2-b88d348c4312" executionId="7bfb561c-ff4d-41e8-bc43-2a52a355c57e" testListId="8c84fa94-04c1-424b-9868-57a2d4851a1d" />
    <TestEntry testId="4f6f50c5-5791-b771-ea0d-04fe27df025d" executionId="69b4f265-44d0-4301-b6be-3b2cbfcdd2bf" testListId="8c84fa94-04c1-424b-9868-57a2d4851a1d" />
    <TestEntry testId="4fa4e36f-845f-ef39-5348-03808739c691" executionId="f0978182-5752-440d-a5fa-50f5e628ceea" testListId="8c84fa94-04c1-424b-9868-57a2d4851a1d" />
    <TestEntry testId="4fb22d59-8b15-2879-48bc-eef3769d793e" executionId="9e139c46-4644-4da6-9fd7-76f706191e1a" testListId="8c84fa94-04c1-424b-9868-57a2d4851a1d" />
    <TestEntry testId="5adbb0f1-1fee-5a23-1e3a-3030f99f20b7" executionId="b6e6f6d5-1e0b-4fdd-8d29-3978f9c9e86f" testListId="8c84fa94-04c1-424b-9868-57a2d4851a1d" />
    <TestEntry testId="5d512a8d-f22e-eca3-63c9-ef16f0d0277e" executionId="03b7b1c0-adcb-46d4-9db4-f5cca40b0b03" testListId="8c84fa94-04c1-424b-9868-57a2d4851a1d" />
    <TestEntry testId="5fae7f64-be90-0be7-6749-e978c7984b83" executionId="9a9821cf-5604-4b0b-b67c-a19aacc73c8a" testListId="8c84fa94-04c1-424b-9868-57a2d4851a1d" />
    <TestEntry testId="63ffcffd-7921-c941-fcfc-0b281b455f69" executionId="8dc2bc90-4803-464c-83b3-eec82a34ef2d" testListId="8c84fa94-04c1-424b-9868-57a2d4851a1d" />
    <TestEntry testId="65e9fc0c-d7ca-b05d-8fec-116fba66bf8b" executionId="5f86711d-d64e-4de4-9604-d72f5034a1ef" testListId="8c84fa94-04c1-424b-9868-57a2d4851a1d" />
    <TestEntry testId="6640a4d2-4590-eb79-4b6a-1f26ac4ec6b0" executionId="2d5bf9b8-d5b7-449d-966b-cb498da504b3" testListId="8c84fa94-04c1-424b-9868-57a2d4851a1d" />
    <TestEntry testId="6a742c79-bb04-8c53-8f18-a5344e6d605f" executionId="354179b7-2012-4ebf-baac-6fd5388542e8" testListId="8c84fa94-04c1-424b-9868-57a2d4851a1d" />
    <TestEntry testId="6aeb42f8-defd-0b91-3920-791240ffb650" executionId="ec45772e-c084-4324-b037-6bbca32b70e3" testListId="8c84fa94-04c1-424b-9868-57a2d4851a1d" />
    <TestEntry testId="6dc33ee8-1d74-b6fd-c898-bc123cc01e06" executionId="db89d1a8-6758-43a9-8f54-19395acdc95b" testListId="8c84fa94-04c1-424b-9868-57a2d4851a1d" />
    <TestEntry testId="6e0187f1-a985-7267-aac9-b503d0db42c2" executionId="07a97914-6859-4540-8d1d-facee17f25a3" testListId="8c84fa94-04c1-424b-9868-57a2d4851a1d" />
    <TestEntry testId="703fd371-9b76-753b-3664-a40434ea16b1" executionId="1be7085a-9450-4c9d-81e9-209e248ab9ca" testListId="8c84fa94-04c1-424b-9868-57a2d4851a1d" />
    <TestEntry testId="705cc8a7-65a7-9d50-5dbe-2c4f569952fe" executionId="4f12ae70-c14e-4834-a835-2faf89d3e5c8" testListId="8c84fa94-04c1-424b-9868-57a2d4851a1d" />
    <TestEntry testId="752b6e7d-596c-0e44-8b41-eb737375ff20" executionId="6ea76422-b815-4c3a-aa56-6361ffdd2cec" testListId="8c84fa94-04c1-424b-9868-57a2d4851a1d" />
    <TestEntry testId="8dd25f01-d918-7dc6-ce8c-b1b33d36dc43" executionId="623b986b-d65c-45e5-8d8d-005d5371e34a" testListId="8c84fa94-04c1-424b-9868-57a2d4851a1d" />
    <TestEntry testId="8e09ad75-2b62-0141-2d3d-e81f5a81bc23" executionId="684ea2a4-4c6c-4408-adee-150776d1b466" testListId="8c84fa94-04c1-424b-9868-57a2d4851a1d" />
    <TestEntry testId="9995e473-e45c-46e5-4b90-9fb40e26b372" executionId="be9c411e-ee12-4d18-a0a1-ceb0438a7a4f" testListId="8c84fa94-04c1-424b-9868-57a2d4851a1d" />
    <TestEntry testId="9b3a1f75-d310-4d4e-1d01-3e9aca5552c3" executionId="770a3eba-e288-471f-83a6-662fe09572df" testListId="8c84fa94-04c1-424b-9868-57a2d4851a1d" />
    <TestEntry testId="9b98b905-3265-2820-3e31-86f8f9a14527" executionId="d4f472ee-a476-4e46-a9ea-24a371736f9b" testListId="8c84fa94-04c1-424b-9868-57a2d4851a1d" />
    <TestEntry testId="9cd396fc-186e-6b64-2457-9d913fb7a137" executionId="7e59b110-19b4-4642-b8ed-62ca0567fb12" testListId="8c84fa94-04c1-424b-9868-57a2d4851a1d" />
    <TestEntry testId="9d0b7dca-11a8-707b-94a4-40f61946d8cd" executionId="36e9017b-10d5-40c8-8ba3-b4749d9f1732" testListId="8c84fa94-04c1-424b-9868-57a2d4851a1d" />
    <TestEntry testId="9d2dff2d-9d91-be84-3675-d0b2e1f79abf" executionId="482b4394-d3b0-4480-8975-a383bbf077dd" testListId="8c84fa94-04c1-424b-9868-57a2d4851a1d" />
    <TestEntry testId="9eb4e647-bd76-32ac-4e1e-54cb1c232f3f" executionId="8c3d8416-84b3-4e71-a8f6-41f22023d188" testListId="8c84fa94-04c1-424b-9868-57a2d4851a1d" />
    <TestEntry testId="a0e4e5b6-faf4-3b07-5448-60122368f27b" executionId="5276993c-98bf-4995-b510-08f0db084034" testListId="8c84fa94-04c1-424b-9868-57a2d4851a1d" />
    <TestEntry testId="a1140c55-f07f-a7b0-916a-e810c0dad69e" executionId="068e825f-a54e-4dbf-9535-63239444a6d9" testListId="8c84fa94-04c1-424b-9868-57a2d4851a1d" />
    <TestEntry testId="a1765099-5967-3d5d-28cb-6b311516f9f0" executionId="9b7ec936-c0a4-4fa9-8923-551f4169f194" testListId="8c84fa94-04c1-424b-9868-57a2d4851a1d" />
    <TestEntry testId="a5443429-b086-09f5-b582-b162a4e9422d" executionId="bbf877d0-23ab-4030-b9fa-2f2dd8a0b25a" testListId="8c84fa94-04c1-424b-9868-57a2d4851a1d" />
    <TestEntry testId="aa77d8d7-9994-8f83-49b3-a35d4d7154a9" executionId="5d99d219-b3ad-4d4e-a3e2-7de94281c51b" testListId="8c84fa94-04c1-424b-9868-57a2d4851a1d" />
    <TestEntry testId="ab60c870-c97e-3903-3f94-9b1cd04e2750" executionId="13664768-1b08-4bc3-94a5-d84167c4c798" testListId="8c84fa94-04c1-424b-9868-57a2d4851a1d" />
    <TestEntry testId="b070efe5-440f-ca93-89ce-f34f085e7f2a" executionId="32273915-752e-49d3-a7fd-6148d4220182" testListId="8c84fa94-04c1-424b-9868-57a2d4851a1d" />
    <TestEntry testId="b5c94734-a80d-c253-7d3f-eb343818468d" executionId="22be049e-b39f-467a-8cd2-36535b9f69ca" testListId="8c84fa94-04c1-424b-9868-57a2d4851a1d" />
    <TestEntry testId="cb26c3dd-b083-5942-27a3-eafe3dd4f282" executionId="89194ab4-7091-4850-b055-e580853b15b3" testListId="8c84fa94-04c1-424b-9868-57a2d4851a1d" />
    <TestEntry testId="cfba73c4-c7de-b432-9d19-946e3f6fafbd" executionId="d588b9d9-1c6c-4308-8bcd-2093a94d96d4" testListId="8c84fa94-04c1-424b-9868-57a2d4851a1d" />
    <TestEntry testId="d4949013-8195-0041-b9b7-ae2502a8cca1" executionId="a50c3da9-bc6c-42e8-8729-2a6af8067980" testListId="8c84fa94-04c1-424b-9868-57a2d4851a1d" />
    <TestEntry testId="d7d30b25-2a4b-e82b-7ec9-fe950042e500" executionId="db8935de-ea0d-4714-8e4d-74be3d576b6c" testListId="8c84fa94-04c1-424b-9868-57a2d4851a1d" />
    <TestEntry testId="de4cf7d2-bcc2-a09e-bbe3-a2d43cfb69a7" executionId="6a5747bd-af7b-473a-8b20-63d104421bab" testListId="8c84fa94-04c1-424b-9868-57a2d4851a1d" />
    <TestEntry testId="e361a18a-d3c0-cd72-1bbf-a76bf74f2686" executionId="f7e5624f-ed56-4296-aac9-149ce426801f" testListId="8c84fa94-04c1-424b-9868-57a2d4851a1d" />
    <TestEntry testId="e6357dbf-df8a-0dc0-fcf5-b918673ef83e" executionId="2755142f-0ec8-4e43-9624-506574f51acb" testListId="8c84fa94-04c1-424b-9868-57a2d4851a1d" />
    <TestEntry testId="ecf2e155-9a8e-8e63-5f9c-7ef3f0b446fd" executionId="8fd23871-6c81-4e9e-a971-896a8e8fa286" testListId="8c84fa94-04c1-424b-9868-57a2d4851a1d" />
    <TestEntry testId="f190a114-5462-637a-46f1-d65f43fc294a" executionId="c5316fdd-3b00-494d-8e35-4f35c8ba9af3" testListId="8c84fa94-04c1-424b-9868-57a2d4851a1d" />
    <TestEntry testId="f65b627a-c4d0-aab7-a719-6ec1f011ae2b" executionId="38b7c6d3-8ca8-484a-b5ae-54ec50925467" testListId="8c84fa94-04c1-424b-9868-57a2d4851a1d" />
    <TestEntry testId="f7f33a5b-e244-4ef1-22b1-983d0133f13b" executionId="85d58212-c5df-450c-8bd9-88128b73c9c6" testListId="8c84fa94-04c1-424b-9868-57a2d4851a1d" />
    <TestEntry testId="fdedb5ed-665b-0117-1077-5cfdb3652c4b" executionId="ac53b18e-e1b4-4705-b866-734cd0e18e8b" testListId="8c84fa94-04c1-424b-9868-57a2d4851a1d" />
  </TestEntries>
  <Results>
    <UnitTestResult executionId="ca2ba35a-98a6-4ddb-be70-174dd3840f5b" testId="02a8eb43-b50a-cbb7-482e-9ae25e9cd387" testName="LoadDocTypesTest_ParentNotExists" computerName="APOWELL-VISTA" duration="00:00:01.6049106" startTime="2009-06-03T16:44:56.0551320+10:00" endTime="2009-06-03T16:44:58.3352010+10:00" testType="13cdc9d9-ddb5-4fa4-a97d-d965ccfc6d4b" outcome="Passed" testListId="8c84fa94-04c1-424b-9868-57a2d4851a1d">
      <Output>
      </Output>
    </UnitTestResult>
    <UnitTestResult executionId="a03480af-95b2-45b4-94d0-8e7ccd3c6f60" testId="0c43ec12-1283-61a0-e824-7b9054b8a55d" testName="DocTypeMarkupLanguageBuilderTest_SingleDocType" computerName="APOWELL-VISTA" duration="00:00:01.4756911" startTime="2009-06-03T16:44:58.3573790+10:00" endTime="2009-06-03T16:44:59.6360260+10:00" testType="13cdc9d9-ddb5-4fa4-a97d-d965ccfc6d4b" outcome="Passed" testListId="8c84fa94-04c1-424b-9868-57a2d4851a1d">
      <Output>
      </Output>
    </UnitTestResult>
    <UnitTestResult executionId="87c9f3c0-28b2-4986-8913-fa6a56c45f27" testId="10f8928a-4eaf-bc49-c986-ee3a68a882e5" testName="AncestorTest_Where_Exists" computerName="APOWELL-VISTA" duration="00:00:03.5241979" startTime="2009-06-03T16:44:59.6488210+10:00" endTime="2009-06-03T16:45:03.4310230+10:00" testType="13cdc9d9-ddb5-4fa4-a97d-d965ccfc6d4b" outcome="Passed" testListId="8c84fa94-04c1-424b-9868-57a2d4851a1d">
      <Output>
      </Output>
    </UnitTestResult>
    <UnitTestResult executionId="0a7326b2-b25d-45e8-b353-d8e6008cb826" testId="11b0a7b6-a4d6-132c-ed32-2474a5d2fb99" testName="ParentTest_ParentCreated" computerName="APOWELL-VISTA" duration="00:00:00.1552099" startTime="2009-06-03T16:45:03.4438180+10:00" endTime="2009-06-03T16:45:03.5879750+10:00" testType="13cdc9d9-ddb5-4fa4-a97d-d965ccfc6d4b" outcome="Passed" testListId="8c84fa94-04c1-424b-9868-57a2d4851a1d">
      <Output>
      </Output>
    </UnitTestResult>
    <UnitTestResult executionId="2fe3333c-4106-442f-b105-9f7a926b8673" testId="16a970cb-efea-aa31-bd1b-d6c374ee4ad0" testName="DataContextTest_FileMustExist" computerName="APOWELL-VISTA" duration="00:00:00.0525432" startTime="2009-06-03T16:45:03.5990640+10:00" endTime="2009-06-03T16:45:03.6528030+10:00" testType="13cdc9d9-ddb5-4fa4-a97d-d965ccfc6d4b" outcome="Passed" testListId="8c84fa94-04c1-424b-9868-57a2d4851a1d">
      <Output>
      </Output>
    </UnitTestResult>
    <UnitTestResult executionId="6d250367-f95c-441a-bb86-b3999352b311" testId="178af685-247e-c895-6887-f9d7a4340a78" testName="LoadDocTypesTest_RecursiveParent" computerName="APOWELL-VISTA" duration="00:00:00.1002649" startTime="2009-06-03T16:45:03.6903350+10:00" endTime="2009-06-03T16:45:03.7935480+10:00" testType="13cdc9d9-ddb5-4fa4-a97d-d965ccfc6d4b" outcome="Passed" testListId="8c84fa94-04c1-424b-9868-57a2d4851a1d">
      <Output>
      </Output>
    </UnitTestResult>
    <UnitTestResult executionId="0858cf03-320f-441d-b940-6afe0fc96d8e" testId="17d6977f-47ab-45fc-6ab3-9e8a0a500aa9" testName="AncestorTest_Where_NotExists" computerName="APOWELL-VISTA" duration="00:00:01.3268261" startTime="2009-06-03T16:45:03.8071960+10:00" endTime="2009-06-03T16:45:04.9604520+10:00" testType="13cdc9d9-ddb5-4fa4-a97d-d965ccfc6d4b" outcome="Passed" testListId="8c84fa94-04c1-424b-9868-57a2d4851a1d">
      <Output>
      </Output>
    </UnitTestResult>
    <UnitTestResult executionId="391336ac-41d7-4122-a12f-dff7e40b399d" testId="239d3ed3-42a7-cf20-d34a-12ca57d30f3d" testName="LoadDocTypesTest_CreateDocType" computerName="APOWELL-VISTA" duration="00:00:00.1061067" startTime="2009-06-03T16:45:04.9732470+10:00" endTime="2009-06-03T16:45:05.0773130+10:00" testType="13cdc9d9-ddb5-4fa4-a97d-d965ccfc6d4b" outcome="Passed" testListId="8c84fa94-04c1-424b-9868-57a2d4851a1d">
      <Output>
      </Output>
    </UnitTestResult>
    <UnitTestResult executionId="26501497-5cad-425f-8040-b084be37c0c2" testId="4088973a-35e2-989f-7be9-a1a71c39ac7d" testName="LoadDocTypesTest_ParentIncluded" computerName="APOWELL-VISTA" duration="00:00:00.0525122" startTime="2009-06-03T16:45:05.0875490+10:00" endTime="2009-06-03T16:45:05.1429940+10:00" testType="13cdc9d9-ddb5-4fa4-a97d-d965ccfc6d4b" outcome="Passed" testListId="8c84fa94-04c1-424b-9868-57a2d4851a1d">
      <Output>
      </Output>
    </UnitTestResult>
    <UnitTestResult executionId="67658504-2646-4c55-a34b-7b3b35fd22ac" testId="491b6b08-f0fc-3140-95b6-30c4c00307c2" testName="DataContextTest_DefaultConstructorIsNodeProvider" computerName="APOWELL-VISTA" duration="00:00:00.0309248" startTime="2009-06-03T16:45:05.1583480+10:00" endTime="2009-06-03T16:45:05.1916150+10:00" testType="13cdc9d9-ddb5-4fa4-a97d-d965ccfc6d4b" outcome="Passed" testListId="8c84fa94-04c1-424b-9868-57a2d4851a1d">
      <Output>
      </Output>
    </UnitTestResult>
    <UnitTestResult executionId="7bfb561c-ff4d-41e8-bc43-2a52a355c57e" testId="4ee7a751-a3c1-593f-42e2-b88d348c4312" testName="LoadDocTypesTest_DbCalled" computerName="APOWELL-VISTA" duration="00:00:00.0432649" startTime="2009-06-03T16:45:05.1992920+10:00" endTime="2009-06-03T16:45:05.2436480+10:00" testType="13cdc9d9-ddb5-4fa4-a97d-d965ccfc6d4b" outcome="Passed" testListId="8c84fa94-04c1-424b-9868-57a2d4851a1d">
      <Output>
      </Output>
    </UnitTestResult>
    <UnitTestResult executionId="69b4f265-44d0-4301-b6be-3b2cbfcdd2bf" testId="4f6f50c5-5791-b771-ea0d-04fe27df025d" testName="SelectTest_LoopTree_Lambda" computerName="APOWELL-VISTA" duration="00:00:00.1282769" startTime="2009-06-03T16:45:05.2555900+10:00" endTime="2009-06-03T16:45:05.3775690+10:00" testType="13cdc9d9-ddb5-4fa4-a97d-d965ccfc6d4b" outcome="Passed" testListId="8c84fa94-04c1-424b-9868-57a2d4851a1d">
      <Output>
      </Output>
    </UnitTestResult>
    <UnitTestResult executionId="f0978182-5752-440d-a5fa-50f5e628ceea" testId="4fa4e36f-845f-ef39-5348-03808739c691" testName="ChildTest_ChildToParent" computerName="APOWELL-VISTA" duration="00:00:01.2453839" startTime="2009-06-03T16:45:05.4116890+10:00" endTime="2009-06-03T16:45:06.4822040+10:00" testType="13cdc9d9-ddb5-4fa4-a97d-d965ccfc6d4b" outcome="Passed" testListId="8c84fa94-04c1-424b-9868-57a2d4851a1d">
      <Output>
      </Output>
    </UnitTestResult>
    <UnitTestResult executionId="9e139c46-4644-4da6-9fd7-76f706191e1a" testId="4fb22d59-8b15-2879-48bc-eef3769d793e" testName="SelectTest_SingleProperty_Query" computerName="APOWELL-VISTA" duration="00:00:00.1154216" startTime="2009-06-03T16:45:06.5026760+10:00" endTime="2009-06-03T16:45:06.6152720+10:00" testType="13cdc9d9-ddb5-4fa4-a97d-d965ccfc6d4b" outcome="Passed" testListId="8c84fa94-04c1-424b-9868-57a2d4851a1d">
      <Output>
      </Output>
    </UnitTestResult>
    <UnitTestResult executionId="b6e6f6d5-1e0b-4fdd-8d29-3978f9c9e86f" testId="5adbb0f1-1fee-5a23-1e3a-3030f99f20b7" testName="ChildTest_ChildExist" computerName="APOWELL-VISTA" duration="00:00:01.1956444" startTime="2009-06-03T16:45:06.6340380+10:00" endTime="2009-06-03T16:45:16.1663470+10:00" testType="13cdc9d9-ddb5-4fa4-a97d-d965ccfc6d4b" outcome="Passed" testListId="8c84fa94-04c1-424b-9868-57a2d4851a1d">
      <Output>
      </Output>
    </UnitTestResult>
    <UnitTestResult executionId="03b7b1c0-adcb-46d4-9db4-f5cca40b0b03" testId="5d512a8d-f22e-eca3-63c9-ef16f0d0277e" testName="ParentTest_TopParentNull" computerName="APOWELL-VISTA" duration="00:00:00.1147673" startTime="2009-06-03T16:45:16.1782890+10:00" endTime="2009-06-03T16:45:16.2891790+10:00" testType="13cdc9d9-ddb5-4fa4-a97d-d965ccfc6d4b" outcome="Passed" testListId="8c84fa94-04c1-424b-9868-57a2d4851a1d">
      <Output>
      </Output>
    </UnitTestResult>
    <UnitTestResult executionId="9a9821cf-5604-4b0b-b67c-a19aacc73c8a" testId="5fae7f64-be90-0be7-6749-e978c7984b83" testName="AncestorTest_NoWhereCondition_NotExists" computerName="APOWELL-VISTA" duration="00:00:01.4779453" startTime="2009-06-03T16:45:16.3019740+10:00" endTime="2009-06-03T16:45:17.5516190+10:00" testType="13cdc9d9-ddb5-4fa4-a97d-d965ccfc6d4b" outcome="Passed" testListId="8c84fa94-04c1-424b-9868-57a2d4851a1d">
      <Output>
      </Output>
    </UnitTestResult>
    <UnitTestResult executionId="8dc2bc90-4803-464c-83b3-eec82a34ef2d" testId="63ffcffd-7921-c941-fcfc-0b281b455f69" testName="LoadDocTypesTest_ObjectPropertyMapping" computerName="APOWELL-VISTA" duration="00:00:00.0781716" startTime="2009-06-03T16:45:17.5806210+10:00" endTime="2009-06-03T16:45:17.6608030+10:00" testType="13cdc9d9-ddb5-4fa4-a97d-d965ccfc6d4b" outcome="Passed" testListId="8c84fa94-04c1-424b-9868-57a2d4851a1d">
      <Output>
      </Output>
    </UnitTestResult>
    <UnitTestResult executionId="5f86711d-d64e-4de4-9604-d72f5034a1ef" testId="65e9fc0c-d7ca-b05d-8fec-116fba66bf8b" testName="DocTypeMarkupLanguageBuilderTest_DocTypeWithProperties" computerName="APOWELL-VISTA" duration="00:00:00.0823090" startTime="2009-06-03T16:45:17.6753040+10:00" endTime="2009-06-03T16:45:17.7571920+10:00" testType="13cdc9d9-ddb5-4fa4-a97d-d965ccfc6d4b" outcome="Passed" testListId="8c84fa94-04c1-424b-9868-57a2d4851a1d">
      <Output>
      </Output>
    </UnitTestResult>
    <UnitTestResult executionId="2d5bf9b8-d5b7-449d-966b-cb498da504b3" testId="6640a4d2-4590-eb79-4b6a-1f26ac4ec6b0" testName="AncestorTest_NoWhereCondition_Exists" computerName="APOWELL-VISTA" duration="00:00:01.1183790" startTime="2009-06-03T16:45:17.7716930+10:00" endTime="2009-06-03T16:45:18.7952930+10:00" testType="13cdc9d9-ddb5-4fa4-a97d-d965ccfc6d4b" outcome="Passed" testListId="8c84fa94-04c1-424b-9868-57a2d4851a1d">
      <Output>
      </Output>
    </UnitTestResult>
    <UnitTestResult executionId="354179b7-2012-4ebf-baac-6fd5388542e8" testId="6a742c79-bb04-8c53-8f18-a5344e6d605f" testName="DataContextTest_EnsureSchemaValidation" computerName="APOWELL-VISTA" duration="00:00:00.0019058" startTime="2009-06-03T16:45:18.8097940+10:00" endTime="2009-06-03T16:45:18.8200300+10:00" testType="13cdc9d9-ddb5-4fa4-a97d-d965ccfc6d4b" outcome="Passed" testListId="8c84fa94-04c1-424b-9868-57a2d4851a1d">
      <Output>
      </Output>
    </UnitTestResult>
    <UnitTestResult executionId="ec45772e-c084-4324-b037-6bbca32b70e3" testId="6aeb42f8-defd-0b91-3920-791240ffb650" testName="LoadDocTypesTest_DocTypeProperties" computerName="APOWELL-VISTA" duration="00:00:00.1639526" startTime="2009-06-03T16:45:18.8294130+10:00" endTime="2009-06-03T16:45:18.9846590+10:00" testType="13cdc9d9-ddb5-4fa4-a97d-d965ccfc6d4b" outcome="Passed" testListId="8c84fa94-04c1-424b-9868-57a2d4851a1d">
      <Output>
      </Output>
    </UnitTestResult>
    <UnitTestResult executionId="db89d1a8-6758-43a9-8f54-19395acdc95b" testId="6dc33ee8-1d74-b6fd-c898-bc123cc01e06" testName="LoadDocTypesTest_IntPropertyMapping" computerName="APOWELL-VISTA" duration="00:00:00.0267240" startTime="2009-06-03T16:45:18.9983070+10:00" endTime="2009-06-03T16:45:19.0281620+10:00" testType="13cdc9d9-ddb5-4fa4-a97d-d965ccfc6d4b" outcome="Passed" testListId="8c84fa94-04c1-424b-9868-57a2d4851a1d">
      <Output>
      </Output>
    </UnitTestResult>
    <UnitTestResult executionId="07a97914-6859-4540-8d1d-facee17f25a3" testId="6e0187f1-a985-7267-aac9-b503d0db42c2" testName="SelectTest_Anonymous_Query" computerName="APOWELL-VISTA" duration="00:00:00.1236992" startTime="2009-06-03T16:45:19.0554580+10:00" endTime="2009-06-03T16:45:19.1765840+10:00" testType="13cdc9d9-ddb5-4fa4-a97d-d965ccfc6d4b" outcome="Passed" testListId="8c84fa94-04c1-424b-9868-57a2d4851a1d">
      <Output>
      </Output>
    </UnitTestResult>
    <UnitTestResult executionId="1be7085a-9450-4c9d-81e9-209e248ab9ca" testId="703fd371-9b76-753b-3664-a40434ea16b1" testName="SelectTest_SingleProperty_Lambda" computerName="APOWELL-VISTA" duration="00:00:00.1306585" startTime="2009-06-03T16:45:19.1868200+10:00" endTime="2009-06-03T16:45:19.3079460+10:00" testType="13cdc9d9-ddb5-4fa4-a97d-d965ccfc6d4b" outcome="Passed" testListId="8c84fa94-04c1-424b-9868-57a2d4851a1d">
      <Output>
      </Output>
    </UnitTestResult>
    <UnitTestResult executionId="4f12ae70-c14e-4834-a835-2faf89d3e5c8" testId="705cc8a7-65a7-9d50-5dbe-2c4f569952fe" testName="LoadDocTypesTest_ParentNotIncluded" computerName="APOWELL-VISTA" duration="00:00:00.0683148" startTime="2009-06-03T16:45:19.3190350+10:00" endTime="2009-06-03T16:45:19.3889810+10:00" testType="13cdc9d9-ddb5-4fa4-a97d-d965ccfc6d4b" outcome="Passed" testListId="8c84fa94-04c1-424b-9868-57a2d4851a1d">
      <Output>
      </Output>
    </UnitTestResult>
    <UnitTestResult executionId="6ea76422-b815-4c3a-aa56-6361ffdd2cec" testId="752b6e7d-596c-0e44-8b41-eb737375ff20" testName="DocTypeMarkupLanguageBuilderTest_NormaliseAlias" computerName="APOWELL-VISTA" duration="00:00:00.0194700" startTime="2009-06-03T16:45:19.3992170+10:00" endTime="2009-06-03T16:45:19.4231010+10:00" testType="13cdc9d9-ddb5-4fa4-a97d-d965ccfc6d4b" outcome="Passed" testListId="8c84fa94-04c1-424b-9868-57a2d4851a1d">
      <Output>
      </Output>
    </UnitTestResult>
    <UnitTestResult executionId="623b986b-d65c-45e5-8d8d-005d5371e34a" testId="8dd25f01-d918-7dc6-ce8c-b1b33d36dc43" testName="ParentTest_InvalidParentType" computerName="APOWELL-VISTA" duration="00:00:00.2176393" startTime="2009-06-03T16:45:19.4350430+10:00" endTime="2009-06-03T16:45:19.6337920+10:00" testType="13cdc9d9-ddb5-4fa4-a97d-d965ccfc6d4b" outcome="Passed" testListId="8c84fa94-04c1-424b-9868-57a2d4851a1d">
      <Output>
      </Output>
    </UnitTestResult>
    <UnitTestResult executionId="684ea2a4-4c6c-4408-adee-150776d1b466" testId="8e09ad75-2b62-0141-2d3d-e81f5a81bc23" testName="SelectTest_Anonymous_Lambda" computerName="APOWELL-VISTA" duration="00:00:00.1236584" startTime="2009-06-03T16:45:19.6491460+10:00" endTime="2009-06-03T16:45:19.7660070+10:00" testType="13cdc9d9-ddb5-4fa4-a97d-d965ccfc6d4b" outcome="Passed" testListId="8c84fa94-04c1-424b-9868-57a2d4851a1d">
      <Output>
      </Output>
    </UnitTestResult>
    <UnitTestResult executionId="be9c411e-ee12-4d18-a0a1-ceb0438a7a4f" testId="9995e473-e45c-46e5-4b90-9fb40e26b372" testName="SelectTest_LoopTree_Query" computerName="APOWELL-VISTA" duration="00:00:00.3978050" startTime="2009-06-03T16:45:19.7745370+10:00" endTime="2009-06-03T16:45:20.1217080+10:00" testType="13cdc9d9-ddb5-4fa4-a97d-d965ccfc6d4b" outcome="Failed" testListId="8c84fa94-04c1-424b-9868-57a2d4851a1d">
      <Output>
        <ErrorInfo>
          <Message>Test method Umbraco.Linq.Core.Tests.SelectTest.SelectTest_LoopTree_Query threw exception:  TypeMock.TypeMockException: 
*** Unexpected Call to System.Web.HttpContext.get_Items().</Message>
          <StackTrace> at System.Web.HttpContext.get_Items()
at umbraco.presentation.UmbracoContext.get_Current()
at Umbraco.Linq.Core.Tests.SelectTest.&lt;SelectTest_LoopTree_Query&gt;b__1(CwsPhoto p) in C:\Users\apowell\Documents\Umbraco\Codeplex\umbraco\branches\try-umbraco-linq\trunk\src\Umbraco.Linq\Core.Tests\SelectTest.cs:line 80
at System.Linq.Enumerable.Single[TSource](IEnumerable`1 source, Func`2 predicate)
at Umbraco.Linq.Core.Tests.SelectTest.SelectTest_LoopTree_Query() in C:\Users\apowell\Documents\Umbraco\Codeplex\umbraco\branches\try-umbraco-linq\trunk\src\Umbraco.Linq\Core.Tests\SelectTest.cs:line 66
   at TypeMock.MockManager.a(String A_0, String A_1, Object A_2, Object A_3, Boolean A_4, Object[] A_5)
   at TypeMock.InternalMockManager.getReturn(Object that, String typeName, String methodName, Object methodParameters, Boolean isInjected)
   at Umbraco.Linq.Core.Tests.SelectTest.SelectTest_LoopTree_Query() in C:\Users\apowell\Documents\Umbraco\Codeplex\umbraco\branches\try-umbraco-linq\trunk\src\Umbraco.Linq\Core.Tests\SelectTest.cs:line 66
</StackTrace>
        </ErrorInfo>
      </Output>
    </UnitTestResult>
    <UnitTestResult executionId="770a3eba-e288-471f-83a6-662fe09572df" testId="9b3a1f75-d310-4d4e-1d01-3e9aca5552c3" testName="WhereTest_TwoParameter_Query" computerName="APOWELL-VISTA" duration="00:00:00.1438294" startTime="2009-06-03T16:45:20.1319440+10:00" endTime="2009-06-03T16:45:20.2684240+10:00" testType="13cdc9d9-ddb5-4fa4-a97d-d965ccfc6d4b" outcome="Passed" testListId="8c84fa94-04c1-424b-9868-57a2d4851a1d">
      <Output>
      </Output>
    </UnitTestResult>
    <UnitTestResult executionId="d4f472ee-a476-4e46-a9ea-24a371736f9b" testId="9b98b905-3265-2820-3e31-86f8f9a14527" testName="WhereTest_SingleParameter_Query" computerName="APOWELL-VISTA" duration="00:00:00.1384681" startTime="2009-06-03T16:45:20.2761010+10:00" endTime="2009-06-03T16:45:20.4006390+10:00" testType="13cdc9d9-ddb5-4fa4-a97d-d965ccfc6d4b" outcome="Passed" testListId="8c84fa94-04c1-424b-9868-57a2d4851a1d">
      <Output>
      </Output>
    </UnitTestResult>
    <UnitTestResult executionId="7e59b110-19b4-4642-b8ed-62ca0567fb12" testId="9cd396fc-186e-6b64-2457-9d913fb7a137" testName="LoadDocTypesTest_GenerateAssociations" computerName="APOWELL-VISTA" duration="00:00:00.0568301" startTime="2009-06-03T16:45:20.4168460+10:00" endTime="2009-06-03T16:45:20.4739970+10:00" testType="13cdc9d9-ddb5-4fa4-a97d-d965ccfc6d4b" outcome="Passed" testListId="8c84fa94-04c1-424b-9868-57a2d4851a1d">
      <Output>
      </Output>
    </UnitTestResult>
    <UnitTestResult executionId="36e9017b-10d5-40c8-8ba3-b4749d9f1732" testId="9d0b7dca-11a8-707b-94a4-40f61946d8cd" testName="LoadDocTypesTest_NvarcharPropertyMapping" computerName="APOWELL-VISTA" duration="00:00:00.0322113" startTime="2009-06-03T16:45:20.4816740+10:00" endTime="2009-06-03T16:45:20.5226180+10:00" testType="13cdc9d9-ddb5-4fa4-a97d-d965ccfc6d4b" outcome="Passed" testListId="8c84fa94-04c1-424b-9868-57a2d4851a1d">
      <Output>
      </Output>
    </UnitTestResult>
    <UnitTestResult executionId="482b4394-d3b0-4480-8975-a383bbf077dd" testId="9d2dff2d-9d91-be84-3675-d0b2e1f79abf" testName="DataContextMockTest_MockProviderThrowsException" computerName="APOWELL-VISTA" duration="00:00:01.2124912" startTime="2009-06-03T16:45:20.5302950+10:00" endTime="2009-06-03T16:45:22.2746800+10:00" testType="13cdc9d9-ddb5-4fa4-a97d-d965ccfc6d4b" outcome="Passed" testListId="8c84fa94-04c1-424b-9868-57a2d4851a1d">
      <Output>
      </Output>
    </UnitTestResult>
    <UnitTestResult executionId="8c3d8416-84b3-4e71-a8f6-41f22023d188" testId="9eb4e647-bd76-32ac-4e1e-54cb1c232f3f" testName="LoadDocTypesTest_DatePropertyMapping" computerName="APOWELL-VISTA" duration="00:00:00.0370988" startTime="2009-06-03T16:45:22.2866220+10:00" endTime="2009-06-03T16:45:22.3267130+10:00" testType="13cdc9d9-ddb5-4fa4-a97d-d965ccfc6d4b" outcome="Passed" testListId="8c84fa94-04c1-424b-9868-57a2d4851a1d">
      <Output>
      </Output>
    </UnitTestResult>
    <UnitTestResult executionId="5276993c-98bf-4995-b510-08f0db084034" testId="a0e4e5b6-faf4-3b07-5448-60122368f27b" testName="DataContextTest_OfNodeTypes" computerName="APOWELL-VISTA" duration="00:00:00.1179865" startTime="2009-06-03T16:45:22.3403610+10:00" endTime="2009-06-03T16:45:22.4512510+10:00" testType="13cdc9d9-ddb5-4fa4-a97d-d965ccfc6d4b" outcome="Passed" testListId="8c84fa94-04c1-424b-9868-57a2d4851a1d">
      <Output>
      </Output>
    </UnitTestResult>
    <UnitTestResult executionId="068e825f-a54e-4dbf-9535-63239444a6d9" testId="a1140c55-f07f-a7b0-916a-e810c0dad69e" testName="DocTypeMarkupLanguageBuilderTest_DataContextName" computerName="APOWELL-VISTA" duration="00:00:00.1036561" startTime="2009-06-03T16:45:22.4631930+10:00" endTime="2009-06-03T16:45:22.5544640+10:00" testType="13cdc9d9-ddb5-4fa4-a97d-d965ccfc6d4b" outcome="Passed" testListId="8c84fa94-04c1-424b-9868-57a2d4851a1d">
      <Output>
      </Output>
    </UnitTestResult>
    <UnitTestResult executionId="9b7ec936-c0a4-4fa9-8923-551f4169f194" testId="a1765099-5967-3d5d-28cb-6b311516f9f0" testName="ChildTest_AllChildren" computerName="APOWELL-VISTA" duration="00:00:02.8788427" startTime="2009-06-03T16:45:22.5672590+10:00" endTime="2009-06-03T16:45:25.0571660+10:00" testType="13cdc9d9-ddb5-4fa4-a97d-d965ccfc6d4b" outcome="Failed" testListId="8c84fa94-04c1-424b-9868-57a2d4851a1d">
      <Output>
        <ErrorInfo>
          <Message>Test method Umbraco.Linq.Core.Tests.ChildTest.ChildTest_AllChildren threw exception:  System.Reflection.ReflectionTypeLoadException: Unable to load one or more of the requested types. Retrieve the LoaderExceptions property for more information..</Message>
          <StackTrace> at System.Reflection.Module._GetTypesInternal(StackCrawlMark&amp; stackMark)
at System.Reflection.Module.GetTypesInternal(StackCrawlMark&amp; stackMark)
at System.Reflection.Assembly.GetTypes()
at Umbraco.Linq.Core.Node.NodeDataProvider.&lt;DynamicNodeCreation&gt;b__a(Assembly a) in C:\Users\apowell\Documents\Umbraco\Codeplex\umbraco\branches\try-umbraco-linq\trunk\src\Umbraco.Linq\Core\Node\NodeDataProvider.cs:line 269
at System.Linq.Enumerable.&lt;SelectManyIterator&gt;d__31`3.MoveNext()
at System.Linq.Enumerable.WhereSelectEnumerableIterator`2.MoveNext()
at System.Linq.Enumerable.ToDictionary[TSource,TKey,TElement](IEnumerable`1 source, Func`2 keySelector, Func`2 elementSelector, IEqualityComparer`1 comparer)
at System.Linq.Enumerable.ToDictionary[TSource,TKey](IEnumerable`1 source, Func`2 keySelector)
at Umbraco.Linq.Core.Node.NodeDataProvider.DynamicNodeCreation(IEnumerable`1 elements) in C:\Users\apowell\Documents\Umbraco\Codeplex\umbraco\branches\try-umbraco-linq\trunk\src\Umbraco.Linq\Core\Node\NodeDataProvider.cs:line 268
at Umbraco.Linq.Core.Node.NodeAssociationTree`1.GetEnumerator() in C:\Users\apowell\Documents\Umbraco\Codeplex\umbraco\branches\try-umbraco-linq\trunk\src\Umbraco.Linq\Core\Node\NodeAssociationTree.cs:line 49
at System.Linq.Enumerable.Count[TSource](IEnumerable`1 source)
at Umbraco.Linq.Core.Tests.ChildTest.ChildTest_AllChildren() in C:\Users\apowell\Documents\Umbraco\Codeplex\umbraco\branches\try-umbraco-linq\trunk\src\Umbraco.Linq\Core.Tests\ChildTest.cs:line 96
   at TypeMock.MockManager.a(String A_0, String A_1, Object A_2, Object A_3, Boolean A_4, Object[] A_5)
   at TypeMock.InternalMockManager.getReturn(Object that, String typeName, String methodName, Object methodParameters, Boolean isInjected)
   at Umbraco.Linq.Core.Tests.ChildTest.ChildTest_AllChildren() in C:\Users\apowell\Documents\Umbraco\Codeplex\umbraco\branches\try-umbraco-linq\trunk\src\Umbraco.Linq\Core.Tests\ChildTest.cs:line 90
</StackTrace>
        </ErrorInfo>
      </Output>
    </UnitTestResult>
    <UnitTestResult executionId="bbf877d0-23ab-4030-b9fa-2f2dd8a0b25a" testId="a5443429-b086-09f5-b582-b162a4e9422d" testName="DataContextTest_NodeCached" computerName="APOWELL-VISTA" duration="00:00:00.1243333" startTime="2009-06-03T16:45:25.0665490+10:00" endTime="2009-06-03T16:45:25.1893810+10:00" testType="13cdc9d9-ddb5-4fa4-a97d-d965ccfc6d4b" outcome="Passed" testListId="8c84fa94-04c1-424b-9868-57a2d4851a1d">
      <Output>
      </Output>
    </UnitTestResult>
    <UnitTestResult executionId="5d99d219-b3ad-4d4e-a3e2-7de94281c51b" testId="aa77d8d7-9994-8f83-49b3-a35d4d7154a9" testName="LoadDocTypesTest_NtextPropertyMapping" computerName="APOWELL-VISTA" duration="00:00:00.0292274" startTime="2009-06-03T16:45:25.1996170+10:00" endTime="2009-06-03T16:45:25.2328840+10:00" testType="13cdc9d9-ddb5-4fa4-a97d-d965ccfc6d4b" outcome="Passed" testListId="8c84fa94-04c1-424b-9868-57a2d4851a1d">
      <Output>
      </Output>
    </UnitTestResult>
    <UnitTestResult executionId="13664768-1b08-4bc3-94a5-d84167c4c798" testId="ab60c870-c97e-3903-3f94-9b1cd04e2750" testName="WhereTest_DateTimeGreaterThan_Query" computerName="APOWELL-VISTA" duration="00:00:00.1292278" startTime="2009-06-03T16:45:25.2405610+10:00" endTime="2009-06-03T16:45:25.3625400+10:00" testType="13cdc9d9-ddb5-4fa4-a97d-d965ccfc6d4b" outcome="Passed" testListId="8c84fa94-04c1-424b-9868-57a2d4851a1d">
      <Output>
      </Output>
    </UnitTestResult>
    <UnitTestResult executionId="32273915-752e-49d3-a7fd-6148d4220182" testId="b070efe5-440f-ca93-89ce-f34f085e7f2a" testName="OrderingTest_Date" computerName="APOWELL-VISTA" duration="00:00:00.2667160" startTime="2009-06-03T16:45:25.3744820+10:00" endTime="2009-06-03T16:45:25.6158810+10:00" testType="13cdc9d9-ddb5-4fa4-a97d-d965ccfc6d4b" outcome="Passed" testListId="8c84fa94-04c1-424b-9868-57a2d4851a1d">
      <Output>
      </Output>
    </UnitTestResult>
    <UnitTestResult executionId="22be049e-b39f-467a-8cd2-36535b9f69ca" testId="b5c94734-a80d-c253-7d3f-eb343818468d" testName="WhereTest_ToAnonymous" computerName="APOWELL-VISTA" duration="00:00:00.1544436" startTime="2009-06-03T16:45:25.6764440+10:00" endTime="2009-06-03T16:45:25.8061000+10:00" testType="13cdc9d9-ddb5-4fa4-a97d-d965ccfc6d4b" outcome="Passed" testListId="8c84fa94-04c1-424b-9868-57a2d4851a1d">
      <Output>
      </Output>
    </UnitTestResult>
    <UnitTestResult executionId="89194ab4-7091-4850-b055-e580853b15b3" testId="cb26c3dd-b083-5942-27a3-eafe3dd4f282" testName="LoadDocTypesTest_ReaderAccessed" computerName="APOWELL-VISTA" duration="00:00:00.0396008" startTime="2009-06-03T16:45:25.8274250+10:00" endTime="2009-06-03T16:45:25.9067540+10:00" testType="13cdc9d9-ddb5-4fa4-a97d-d965ccfc6d4b" outcome="Passed" testListId="8c84fa94-04c1-424b-9868-57a2d4851a1d">
      <Output>
      </Output>
    </UnitTestResult>
    <UnitTestResult executionId="d588b9d9-1c6c-4308-8bcd-2093a94d96d4" testId="cfba73c4-c7de-b432-9d19-946e3f6fafbd" testName="DocTypeMarkupLanguageBuilderTest_DocTypeWithAssociations" computerName="APOWELL-VISTA" duration="00:00:00.0403484" startTime="2009-06-03T16:45:25.9144310+10:00" endTime="2009-06-03T16:45:25.9570810+10:00" testType="13cdc9d9-ddb5-4fa4-a97d-d965ccfc6d4b" outcome="Passed" testListId="8c84fa94-04c1-424b-9868-57a2d4851a1d">
      <Output>
      </Output>
    </UnitTestResult>
    <UnitTestResult executionId="a50c3da9-bc6c-42e8-8729-2a6af8067980" testId="d4949013-8195-0041-b9b7-ae2502a8cca1" testName="DataContextMockTest_MockProvider" computerName="APOWELL-VISTA" duration="00:00:00.0028123" startTime="2009-06-03T16:45:25.9673170+10:00" endTime="2009-06-03T16:45:25.9784060+10:00" testType="13cdc9d9-ddb5-4fa4-a97d-d965ccfc6d4b" outcome="Passed" testListId="8c84fa94-04c1-424b-9868-57a2d4851a1d">
      <Output>
      </Output>
    </UnitTestResult>
    <UnitTestResult executionId="db8935de-ea0d-4714-8e4d-74be3d576b6c" testId="d7d30b25-2a4b-e82b-7ec9-fe950042e500" testName="CwsReplicationTest_ListGalleries" computerName="APOWELL-VISTA" duration="00:00:02.2321758" startTime="2009-06-03T16:45:25.9869360+10:00" endTime="2009-06-03T16:45:27.8669480+10:00" testType="13cdc9d9-ddb5-4fa4-a97d-d965ccfc6d4b" outcome="Failed" testListId="8c84fa94-04c1-424b-9868-57a2d4851a1d">
      <Output>
        <ErrorInfo>
          <Message>Test method Umbraco.Linq.Core.Tests.CwsReplicationTest.CwsReplicationTest_ListGalleries threw exception:  System.Reflection.ReflectionTypeLoadException: Unable to load one or more of the requested types. Retrieve the LoaderExceptions property for more information..</Message>
          <StackTrace> at System.Reflection.Module._GetTypesInternal(StackCrawlMark&amp; stackMark)
at System.Reflection.Module.GetTypesInternal(StackCrawlMark&amp; stackMark)
at System.Reflection.Assembly.GetTypes()
at Umbraco.Linq.Core.Node.NodeDataProvider.&lt;DynamicNodeCreation&gt;b__a(Assembly a) in C:\Users\apowell\Documents\Umbraco\Codeplex\umbraco\branches\try-umbraco-linq\trunk\src\Umbraco.Linq\Core\Node\NodeDataProvider.cs:line 269
at System.Linq.Enumerable.&lt;SelectManyIterator&gt;d__31`3.MoveNext()
at System.Linq.Enumerable.WhereSelectEnumerableIterator`2.MoveNext()
at System.Linq.Enumerable.ToDictionary[TSource,TKey,TElement](IEnumerable`1 source, Func`2 keySelector, Func`2 elementSelector, IEqualityComparer`1 comparer)
at System.Linq.Enumerable.ToDictionary[TSource,TKey](IEnumerable`1 source, Func`2 keySelector)
at Umbraco.Linq.Core.Node.NodeDataProvider.DynamicNodeCreation(IEnumerable`1 elements) in C:\Users\apowell\Documents\Umbraco\Codeplex\umbraco\branches\try-umbraco-linq\trunk\src\Umbraco.Linq\Core\Node\NodeDataProvider.cs:line 268
at Umbraco.Linq.Core.Node.NodeAssociationTree`1.GetEnumerator() in C:\Users\apowell\Documents\Umbraco\Codeplex\umbraco\branches\try-umbraco-linq\trunk\src\Umbraco.Linq\Core\Node\NodeAssociationTree.cs:line 49
at System.Linq.Enumerable.WhereEnumerableIterator`1.MoveNext()
at System.Linq.Enumerable.&lt;CastIterator&gt;d__aa`1.MoveNext()
at System.Linq.Enumerable.WhereEnumerableIterator`1.MoveNext()
at System.Linq.Buffer`1..ctor(IEnumerable`1 source)
at System.Linq.OrderedEnumerable`1.&lt;GetEnumerator&gt;d__0.MoveNext()
at System.Linq.Enumerable.WhereSelectEnumerableIterator`2.MoveNext()
at System.Linq.Enumerable.Count[TSource](IEnumerable`1 source)
at Umbraco.Linq.Core.Tests.CwsReplicationTest.CwsReplicationTest_ListGalleries() in C:\Users\apowell\Documents\Umbraco\Codeplex\umbraco\branches\try-umbraco-linq\trunk\src\Umbraco.Linq\Core.Tests\CwsReplicationTest.cs:line 81
   at TypeMock.MockManager.a(String A_0, String A_1, Object A_2, Object A_3, Boolean A_4, Object[] A_5)
   at TypeMock.InternalMockManager.getReturn(Object that, String typeName, String methodName, Object methodParameters, Boolean isInjected)
   at Umbraco.Linq.Core.Tests.CwsReplicationTest.CwsReplicationTest_ListGalleries() in C:\Users\apowell\Documents\Umbraco\Codeplex\umbraco\branches\try-umbraco-linq\trunk\src\Umbraco.Linq\Core.Tests\CwsReplicationTest.cs:line 64
</StackTrace>
        </ErrorInfo>
      </Output>
    </UnitTestResult>
    <UnitTestResult executionId="6a5747bd-af7b-473a-8b20-63d104421bab" testId="de4cf7d2-bcc2-a09e-bbe3-a2d43cfb69a7" testName="DataContextTest_ConstructFromExistingProvider" computerName="APOWELL-VISTA" duration="00:00:00.0012300" startTime="2009-06-03T16:45:27.8899790+10:00" endTime="2009-06-03T16:45:27.9002150+10:00" testType="13cdc9d9-ddb5-4fa4-a97d-d965ccfc6d4b" outcome="Passed" testListId="8c84fa94-04c1-424b-9868-57a2d4851a1d">
      <Output>
      </Output>
    </UnitTestResult>
    <UnitTestResult executionId="f7e5624f-ed56-4296-aac9-149ce426801f" testId="e361a18a-d3c0-cd72-1bbf-a76bf74f2686" testName="ParentTest_ParentIdExists" computerName="APOWELL-VISTA" duration="00:00:00.1378985" startTime="2009-06-03T16:45:27.9087450+10:00" endTime="2009-06-03T16:45:28.0341360+10:00" testType="13cdc9d9-ddb5-4fa4-a97d-d965ccfc6d4b" outcome="Passed" testListId="8c84fa94-04c1-424b-9868-57a2d4851a1d">
      <Output>
      </Output>
    </UnitTestResult>
    <UnitTestResult executionId="2755142f-0ec8-4e43-9624-506574f51acb" testId="e6357dbf-df8a-0dc0-fcf5-b918673ef83e" testName="InheritanceTest_ImplementsBaseClass" computerName="APOWELL-VISTA" duration="00:00:00.0072657" startTime="2009-06-03T16:45:28.0426660+10:00" endTime="2009-06-03T16:45:28.0571670+10:00" testType="13cdc9d9-ddb5-4fa4-a97d-d965ccfc6d4b" outcome="Passed" testListId="8c84fa94-04c1-424b-9868-57a2d4851a1d">
      <Output>
      </Output>
    </UnitTestResult>
    <UnitTestResult executionId="8fd23871-6c81-4e9e-a971-896a8e8fa286" testId="ecf2e155-9a8e-8e63-5f9c-7ef3f0b446fd" testName="InheritanceTest_PropertyFromBase" computerName="APOWELL-VISTA" duration="00:00:00.2276183" startTime="2009-06-03T16:45:28.0725210+10:00" endTime="2009-06-03T16:45:28.2755350+10:00" testType="13cdc9d9-ddb5-4fa4-a97d-d965ccfc6d4b" outcome="Passed" testListId="8c84fa94-04c1-424b-9868-57a2d4851a1d">
      <Output>
      </Output>
    </UnitTestResult>
    <UnitTestResult executionId="c5316fdd-3b00-494d-8e35-4f35c8ba9af3" testId="f190a114-5462-637a-46f1-d65f43fc294a" testName="DocTypeMarkupLanguageBuilderTest_XmlValidates" computerName="APOWELL-VISTA" duration="00:00:00.0492691" startTime="2009-06-03T16:45:28.2849180+10:00" endTime="2009-06-03T16:45:28.3378040+10:00" testType="13cdc9d9-ddb5-4fa4-a97d-d965ccfc6d4b" outcome="Passed" testListId="8c84fa94-04c1-424b-9868-57a2d4851a1d">
      <Output>
      </Output>
    </UnitTestResult>
    <UnitTestResult executionId="38b7c6d3-8ca8-484a-b5ae-54ec50925467" testId="f65b627a-c4d0-aab7-a719-6ec1f011ae2b" testName="DataContextTest_FileNameRequired" computerName="APOWELL-VISTA" duration="00:00:00.0284262" startTime="2009-06-03T16:45:28.4708720+10:00" endTime="2009-06-03T16:45:28.5049920+10:00" testType="13cdc9d9-ddb5-4fa4-a97d-d965ccfc6d4b" outcome="Passed" testListId="8c84fa94-04c1-424b-9868-57a2d4851a1d">
      <Output>
      </Output>
    </UnitTestResult>
    <UnitTestResult executionId="85d58212-c5df-450c-8bd9-88128b73c9c6" testId="f7f33a5b-e244-4ef1-22b1-983d0133f13b" testName="DataContextTest_FullCache" computerName="APOWELL-VISTA" duration="00:00:00.0703798" startTime="2009-06-03T16:45:28.5280230+10:00" endTime="2009-06-03T16:45:28.6363540+10:00" testType="13cdc9d9-ddb5-4fa4-a97d-d965ccfc6d4b" outcome="Passed" testListId="8c84fa94-04c1-424b-9868-57a2d4851a1d">
      <Output>
      </Output>
    </UnitTestResult>
    <UnitTestResult executionId="ac53b18e-e1b4-4705-b866-734cd0e18e8b" testId="fdedb5ed-665b-0117-1077-5cfdb3652c4b" testName="DocTypeMarkupLanguageBuilderTest_Constructor" computerName="APOWELL-VISTA" duration="00:00:00.0547999" startTime="2009-06-03T16:45:28.6465900+10:00" endTime="2009-06-03T16:45:28.7020350+10:00" testType="13cdc9d9-ddb5-4fa4-a97d-d965ccfc6d4b" outcome="Passed" testListId="8c84fa94-04c1-424b-9868-57a2d4851a1d">
      <Output>
      </Output>
    </UnitTestResult>
  </Results>
</TestRun>