<?xml version="1.0" encoding="UTF-8"?>
<TestRun id="0dabf715-6de3-42ce-b672-ae1f6c222ac7" name="apowell@APOWELL-VISTA 2009-06-03 16:38:16" runUser="WDG\apowell" xmlns="http://microsoft.com/schemas/VisualStudio/TeamTest/2006">
  <TestRunConfiguration name="Local Test Run" id="8e6cf961-1d52-4801-9beb-b129cc3bd405">
    <Description>This is a default test run configuration for a local test run.</Description>
    <Deployment runDeploymentRoot="C:\Users\apowell\Documents\Umbraco\Codeplex\umbraco\branches\try-umbraco-linq\trunk\src\Umbraco.Linq\TestResults\apowell_APOWELL-VISTA 2009-06-03 16_38_16">
      <DeploymentItem filename="C:\Users\apowell\Documents\Umbraco\Codeplex\umbraco\branches\try-umbraco-linq\trunk\src\Umbraco.Linq\Core\bin\Debug\Umbraco.Linq.Core.dll" />
      <DeploymentItem filename="C:\Users\apowell\Documents\Umbraco\Codeplex\umbraco\branches\try-umbraco-linq\trunk\dep\Reference Assemblies\Mocking\Typemock.ArrangeActAssert.Dll" />
      <DeploymentItem filename="C:\Users\apowell\Documents\Umbraco\Codeplex\umbraco\branches\try-umbraco-linq\trunk\dep\Reference Assemblies\Umbraco\businesslogic.dll" />
      <DeploymentItem filename="C:\Users\apowell\Documents\Umbraco\Codeplex\umbraco\branches\try-umbraco-linq\trunk\dep\Reference Assemblies\Umbraco\umbraco.dll" />
      <DeploymentItem filename="C:\Users\apowell\Documents\Umbraco\Codeplex\umbraco\branches\try-umbraco-linq\trunk\dep\Reference Assemblies\Umbraco\umbraco.DataLayer.dll" />
    </Deployment>
    <CodeCoverage>
      <Regular>
        <CodeCoverageItem binaryFile="DTMetal.Engine\bin\Debug\Umbraco.Linq.DTMetal.Engine.dll" pdbFile="DTMetal.Engine\bin\Debug\Umbraco.Linq.DTMetal.Engine.pdb" instrumentInPlace="true" />
      </Regular>
    </CodeCoverage>
    <TestTypeSpecific />
  </TestRunConfiguration>
  <ResultSummary outcome="Error">
    <Counters total="1" executed="1" error="0" failed="0" timeout="0" aborted="1" inconclusive="0" passedButRunAborted="0" notRunnable="0" notExecuted="0" disconnected="0" warning="0" passed="0" completed="0" inProgress="0" pending="0" />
    <RunInfos>
      <RunInfo computerName="APOWELL-VISTA" outcome="Warning" timestamp="2009-06-03T16:38:18.1164920+10:00">
        <Text>Warning: Test Run deployment issue: The assembly or module 'MySql.Data' directly or indirectly referenced by the test container 'c:\users\apowell\documents\umbraco\codeplex\umbraco\branches\try-umbraco-linq\trunk\src\umbraco.linq\core.tests\bin\debug\umbraco.linq.core.tests.dll' was not found.</Text>
      </RunInfo>
      <RunInfo computerName="APOWELL-VISTA" outcome="Warning" timestamp="2009-06-03T16:38:18.1164920+10:00">
        <Text>Warning: Test Run deployment issue: The assembly or module 'Lucene.Net' directly or indirectly referenced by the test container 'c:\users\apowell\documents\umbraco\codeplex\umbraco\branches\try-umbraco-linq\trunk\src\umbraco.linq\core.tests\bin\debug\umbraco.linq.core.tests.dll' was not found.</Text>
      </RunInfo>
      <RunInfo computerName="APOWELL-VISTA" outcome="Warning" timestamp="2009-06-03T16:38:18.1164920+10:00">
        <Text>Warning: Test Run deployment issue: The assembly or module 'ICSharpCode.SharpZipLib' directly or indirectly referenced by the test container 'c:\users\apowell\documents\umbraco\codeplex\umbraco\branches\try-umbraco-linq\trunk\src\umbraco.linq\core.tests\bin\debug\umbraco.linq.core.tests.dll' was not found.</Text>
      </RunInfo>
      <RunInfo computerName="APOWELL-VISTA" outcome="Warning" timestamp="2009-06-03T16:38:18.1164920+10:00">
        <Text>Warning: Test Run deployment issue: The assembly or module 'TidyNet' directly or indirectly referenced by the test container 'c:\users\apowell\documents\umbraco\codeplex\umbraco\branches\try-umbraco-linq\trunk\src\umbraco.linq\core.tests\bin\debug\umbraco.linq.core.tests.dll' was not found.</Text>
      </RunInfo>
      <RunInfo computerName="APOWELL-VISTA" outcome="Warning" timestamp="2009-06-03T16:38:18.1164920+10:00">
        <Text>Warning: Test Run deployment issue: The assembly or module 'CookComputing.XmlRpcV2' directly or indirectly referenced by the test container 'c:\users\apowell\documents\umbraco\codeplex\umbraco\branches\try-umbraco-linq\trunk\src\umbraco.linq\core.tests\bin\debug\umbraco.linq.core.tests.dll' was not found.</Text>
      </RunInfo>
      <RunInfo computerName="APOWELL-VISTA" outcome="Warning" timestamp="2009-06-03T16:38:18.1164920+10:00">
        <Text>Warning: Test Run deployment issue: The assembly or module 'controls' directly or indirectly referenced by the test container 'c:\users\apowell\documents\umbraco\codeplex\umbraco\branches\try-umbraco-linq\trunk\src\umbraco.linq\core.tests\bin\debug\umbraco.linq.core.tests.dll' was not found.</Text>
      </RunInfo>
      <RunInfo computerName="APOWELL-VISTA" outcome="Warning" timestamp="2009-06-03T16:38:18.1164920+10:00">
        <Text>Warning: Test Run deployment issue: The assembly or module 'AjaxControlToolkit' directly or indirectly referenced by the test container 'c:\users\apowell\documents\umbraco\codeplex\umbraco\branches\try-umbraco-linq\trunk\src\umbraco.linq\core.tests\bin\debug\umbraco.linq.core.tests.dll' was not found.</Text>
      </RunInfo>
      <RunInfo computerName="APOWELL-VISTA" outcome="Warning" timestamp="2009-06-03T16:38:18.1164920+10:00">
        <Text>Warning: Test Run deployment issue: The assembly or module 'umbraco.providers' directly or indirectly referenced by the test container 'c:\users\apowell\documents\umbraco\codeplex\umbraco\branches\try-umbraco-linq\trunk\src\umbraco.linq\core.tests\bin\debug\umbraco.linq.core.tests.dll' was not found.</Text>
      </RunInfo>
      <RunInfo computerName="APOWELL-VISTA" outcome="Error" timestamp="2009-06-03T16:39:18.0009392+10:00">
        <Text>Test host process exited unexpectedly.</Text>
      </RunInfo>
    </RunInfos>
  </ResultSummary>
  <Times creation="2009-06-03T16:38:16.7022952+10:00" queuing="2009-06-03T16:38:22.0084024+10:00" start="2009-06-03T16:38:22.6402640+10:00" finish="2009-06-03T16:39:18.0015768+10:00" />
  <TestDefinitions>
    <UnitTest name="ChildTest_ChildExist" storage="c:\users\apowell\documents\umbraco\codeplex\umbraco\branches\try-umbraco-linq\trunk\src\umbraco.linq\core.tests\bin\debug\umbraco.linq.core.tests.dll" id="5adbb0f1-1fee-5a23-1e3a-3030f99f20b7">
      <Css projectStructure="" iteration="" />
      <Owners>
        <Owner name="" />
      </Owners>
      <DeploymentItems>
        <DeploymentItem filename="umbraco.config" />
      </DeploymentItems>
      <TestMethod codeBase="C:\Users\apowell\Documents\Umbraco\Codeplex\umbraco\branches\try-umbraco-linq\trunk\src\Umbraco.Linq\Core.Tests\bin\Debug\Umbraco.Linq.Core.Tests.dll" adapterTypeName="Microsoft.VisualStudio.TestTools.TestTypes.Unit.UnitTestAdapter, Microsoft.VisualStudio.QualityTools.Tips.UnitTest.Adapter, Version=9.0.0.0, Culture=neutral, PublicKeyToken=b03f5f7f11d50a3a" className="Umbraco.Linq.Core.Tests.ChildTest, Umbraco.Linq.Core.Tests" name="ChildTest_ChildExist" />
    </UnitTest>
  </TestDefinitions>
  <TestLists>
    <TestList name="Results Not in a List" id="8c84fa94-04c1-424b-9868-57a2d4851a1d" />
    <TestList name="All Loaded Results" id="19431567-8539-422a-85d7-44ee4e166bda" />
  </TestLists>
  <TestEntries>
    <TestEntry testId="5adbb0f1-1fee-5a23-1e3a-3030f99f20b7" executionId="ce2359a7-5c3f-4318-abb2-3f15555c35b8" testListId="8c84fa94-04c1-424b-9868-57a2d4851a1d" />
  </TestEntries>
  <Results>
    <UnitTestResult executionId="ce2359a7-5c3f-4318-abb2-3f15555c35b8" testId="5adbb0f1-1fee-5a23-1e3a-3030f99f20b7" testName="ChildTest_ChildExist" computerName="APOWELL-VISTA" duration="00:00:55.1553680" startTime="2009-06-03T16:38:22.8462088+10:00" endTime="2009-06-03T16:39:18.0015768+10:00" testType="13cdc9d9-ddb5-4fa4-a97d-d965ccfc6d4b" outcome="Aborted" testListId="8c84fa94-04c1-424b-9868-57a2d4851a1d">
    </UnitTestResult>
  </Results>
</TestRun>