<?xml version="1.0" encoding="UTF-8"?>
<TestRun id="1ffbb66f-df28-4ead-a632-8c671d602c68" name="apowell@APOWELL-VISTA 2009-06-14 22:52:18" runUser="WDG\apowell" xmlns="http://microsoft.com/schemas/VisualStudio/TeamTest/2006">
  <TestRunConfiguration name="Local Test Run" id="8e6cf961-1d52-4801-9beb-b129cc3bd405">
    <Description>This is a default test run configuration for a local test run.</Description>
    <Deployment runDeploymentRoot="C:\Users\apowell\Documents\Umbraco\Codeplex\umbraco\branches\try-umbraco-linq\trunk\src\Umbraco.Linq\TestResults\apowell_APOWELL-VISTA 2009-06-14 22_52_18">
      <DeploymentItem filename="C:\Users\apowell\Documents\Umbraco\Codeplex\umbraco\branches\try-umbraco-linq\trunk\src\Umbraco.Linq\Core\bin\Debug\Umbraco.Linq.Core.dll" />
      <DeploymentItem filename="C:\Users\apowell\Documents\Umbraco\Codeplex\umbraco\branches\try-umbraco-linq\trunk\dep\Reference Assemblies\Mocking\Typemock.ArrangeActAssert.Dll" />
      <DeploymentItem filename="C:\Users\apowell\Documents\Umbraco\Codeplex\umbraco\branches\try-umbraco-linq\trunk\dep\Reference Assemblies\Umbraco\umbraco.DataLayer.dll" />
      <DeploymentItem filename="C:\Users\apowell\Documents\Umbraco\Codeplex\umbraco\branches\try-umbraco-linq\trunk\src\Umbraco.Linq\DTMetal.Engine\bin\Debug\Umbraco.Linq.DTMetal.Engine.dll" />
      <DeploymentItem filename="C:\Users\apowell\Documents\Umbraco\Codeplex\umbraco\branches\try-umbraco-linq\trunk\src\Umbraco.Linq\DTMetal.CodeBuilder\bin\Debug\Umbraco.Linq.DTMetal.CodeBuilder.dll" />
    </Deployment>
    <CodeCoverage>
      <Regular>
        <CodeCoverageItem binaryFile="DTMetal.Engine\bin\Debug\Umbraco.Linq.DTMetal.Engine.dll" pdbFile="DTMetal.Engine\bin\Debug\Umbraco.Linq.DTMetal.Engine.pdb" instrumentInPlace="true" />
      </Regular>
    </CodeCoverage>
    <TestTypeSpecific />
  </TestRunConfiguration>
  <ResultSummary outcome="Failed">
    <Counters total="1" executed="1" error="0" failed="1" timeout="0" aborted="0" inconclusive="0" passedButRunAborted="0" notRunnable="0" notExecuted="0" disconnected="0" warning="0" passed="0" completed="0" inProgress="0" pending="0" />
    <RunInfos>
      <RunInfo computerName="APOWELL-VISTA" outcome="Warning" timestamp="2009-06-14T22:52:20.4610910+10:00">
        <Text>Warning: Test Run deployment issue: The assembly or module 'MySql.Data' directly or indirectly referenced by the test container 'c:\users\apowell\documents\umbraco\codeplex\umbraco\branches\try-umbraco-linq\trunk\src\umbraco.linq\dtmetal.engine.tests\bin\debug\umbraco.linq.dtmetal.engine.tests.dll' was not found.</Text>
      </RunInfo>
    </RunInfos>
  </ResultSummary>
  <Times creation="2009-06-14T22:52:18.4875845+10:00" queuing="2009-06-14T22:52:27.3991235+10:00" start="2009-06-14T22:52:28.5885005+10:00" finish="2009-06-14T22:52:42.0212345+10:00" />
  <TestDefinitions>
    <UnitTest name="LoadDocTypesTest_ParentNotExists" storage="c:\users\apowell\documents\umbraco\codeplex\umbraco\branches\try-umbraco-linq\trunk\src\umbraco.linq\dtmetal.engine.tests\bin\debug\umbraco.linq.dtmetal.engine.tests.dll" id="02a8eb43-b50a-cbb7-482e-9ae25e9cd387">
      <Css projectStructure="" iteration="" />
      <Owners>
        <Owner name="" />
      </Owners>
      <Execution id="801eaa1e-5eb8-4fd2-9103-ffb6f735c2d8" />
      <TestMethod codeBase="C:\Users\apowell\Documents\Umbraco\Codeplex\umbraco\branches\try-umbraco-linq\trunk\src\Umbraco.Linq\DTMetal.Engine.Tests\bin\Debug\Umbraco.Linq.DTMetal.Engine.Tests.dll" adapterTypeName="Microsoft.VisualStudio.TestTools.TestTypes.Unit.UnitTestAdapter, Microsoft.VisualStudio.QualityTools.Tips.UnitTest.Adapter, Version=9.0.0.0, Culture=neutral, PublicKeyToken=b03f5f7f11d50a3a" className="Umbraco.Linq.DTMetal.Engine.Tests.DocTypeObjectBuilderTest, Umbraco.Linq.DTMetal.Engine.Tests" name="LoadDocTypesTest_ParentNotExists" />
    </UnitTest>
  </TestDefinitions>
  <TestLists>
    <TestList name="Results Not in a List" id="8c84fa94-04c1-424b-9868-57a2d4851a1d" />
    <TestList name="All Loaded Results" id="19431567-8539-422a-85d7-44ee4e166bda" />
  </TestLists>
  <TestEntries>
    <TestEntry testId="02a8eb43-b50a-cbb7-482e-9ae25e9cd387" executionId="801eaa1e-5eb8-4fd2-9103-ffb6f735c2d8" testListId="8c84fa94-04c1-424b-9868-57a2d4851a1d" />
  </TestEntries>
  <Results>
    <UnitTestResult executionId="801eaa1e-5eb8-4fd2-9103-ffb6f735c2d8" testId="02a8eb43-b50a-cbb7-482e-9ae25e9cd387" testName="LoadDocTypesTest_ParentNotExists" computerName="APOWELL-VISTA" duration="00:00:10.0347921" startTime="2009-06-14T22:52:29.0191370+10:00" endTime="2009-06-14T22:52:41.1248075+10:00" testType="13cdc9d9-ddb5-4fa4-a97d-d965ccfc6d4b" outcome="Failed" testListId="8c84fa94-04c1-424b-9868-57a2d4851a1d">
      <Output>
        <ErrorInfo>
          <Message>Test method Umbraco.Linq.DTMetal.Engine.Tests.DocTypeObjectBuilderTest.LoadDocTypesTest_ParentNotExists threw exception TypeMock.VerifyException, but exception System.IndexOutOfRangeException was expected. Exception message:  TypeMock.VerifyException: 
TypeMock Verification: Method Umbraco.Linq.DTMetal.Engine.DocTypeObjectBuilder.LoadParentDocType(Int32) was expected but was not called
</Message>
          <StackTrace> at ci.b(e A_0, by A_1)
at ci.d(Delegate A_0)
at ci.b(Action A_0)
at Umbraco.Linq.DTMetal.Engine.Tests.DocTypeObjectBuilderTest.LoadDocTypesTest_ParentNotExists() in C:\Users\apowell\Documents\Umbraco\Codeplex\umbraco\branches\try-umbraco-linq\trunk\src\Umbraco.Linq\DTMetal.Engine.Tests\DocTypeObjectBuilderTest.cs:line 301
   at TypeMock.MockManager.a(String A_0, String A_1, Object A_2, Object A_3, Boolean A_4, Object[] A_5)
   at TypeMock.InternalMockManager.getReturn(Object that, String typeName, String methodName, Object methodParameters, Boolean isInjected)
   at Umbraco.Linq.DTMetal.Engine.Tests.DocTypeObjectBuilderTest.LoadDocTypesTest_ParentNotExists() in C:\Users\apowell\Documents\Umbraco\Codeplex\umbraco\branches\try-umbraco-linq\trunk\src\Umbraco.Linq\DTMetal.Engine.Tests\DocTypeObjectBuilderTest.cs:line 0
</StackTrace>
        </ErrorInfo>
      </Output>
    </UnitTestResult>
  </Results>
</TestRun>